<?xml version="1.0" encoding="UTF-8"?>
<testsuite xmlns:xsi="http://www.w3.org/2001/XMLSchema-instance" xsi:noNamespaceSchemaLocation="https://maven.apache.org/surefire/maven-surefire-plugin/xsd/surefire-test-report.xsd" version="3.0.2" name="com.example.transaction.service.PurchaseServiceTest" time="0.423" tests="4" errors="0" skipped="0" failures="0">
  <properties>
[...]
</properties>
  <testcase name="testPurchaseProduct_InsufficientFunds" classname="com.example.transaction.service.PurchaseServiceTest" time="0.399"/>
  <testcase name="testPurchaseProduct_ProductNotFound" classname="com.example.transaction.service.PurchaseServiceTest" time="0.011"/>
  <testcase name="testPurchaseProduct_Success" classname="com.example.transaction.service.PurchaseServiceTest" time="0.006"/>
  <testcase name="testPurchaseProduct_CustomerNotFound" classname="com.example.transaction.service.PurchaseServiceTest" time="0.005"/>
</testsuite>