<?xml version="1.0" encoding="UTF-8"?>
<testsuite xmlns:xsi="http://www.w3.org/2001/XMLSchema-instance" xsi:noNamespaceSchemaLocation="https://maven.apache.org/surefire/maven-surefire-plugin/xsd/surefire-test-report.xsd" version="3.0.2" name="com.example.transaction.controller.PurchaseControllerTest" time="5.174" tests="3" errors="0" skipped="0" failures="0">
  <properties>
[...]
</properties>
  <testcase name="testPurchaseProduct_InsufficientFunds" classname="com.example.transaction.controller.PurchaseControllerTest" time="1.956">
    <system-out><![CDATA[&amp#27;[90mDownloading from &amp#27;[0mcentral&amp#27;[90m: https://repo.maven.apache.org/maven2/&amp#27;[0mio/quarkus/platform/quarkus-bom-quarkus-platform-properties/3.23.4/quarkus-bom-quarkus-platform-properties-3.23.4.properties
Progress (1): quarkus-bom-quarkus-platform-properties-3.23.4.properties (743 B)                                                                               Downloaded&amp#27;[90m from &amp#27;[0mcentral&amp#27;[90m: https://repo.maven.apache.org/maven2/&amp#27;[0mio/quarkus/platform/quarkus-bom-quarkus-platform-properties/3.23.4/quarkus-bom-quarkus-platform-properties-3.23.4.properties&amp#27;[90m (743 B at 2.0 kB/s)&amp#27;[0m
&amp#27;[90mDownloading from &amp#27;[0mcentral&amp#27;[90m: https://repo.maven.apache.org/maven2/&amp#27;[0mio/quarkus/quarkus-rest-kotlin/3.23.4/quarkus-rest-kotlin-3.23.4.jar
Progress (1): quarkus-rest-kotlin-3.23.4.jar (0.9/36 kB)Progress (1): quarkus-rest-kotlin-3.23.4.jar (2.3/36 kB)Progress (1): quarkus-rest-kotlin-3.23.4.jar (3.6/36 kB)Progress (1): quarkus-rest-kotlin-3.23.4.jar (5.0/36 kB)Progress (1): quarkus-rest-kotlin-3.23.4.jar (6.4/36 kB)Progress (1): quarkus-rest-kotlin-3.23.4.jar (7.7/36 kB)Progress (1): quarkus-rest-kotlin-3.23.4.jar (9.1/36 kB)Progress (1): quarkus-rest-kotlin-3.23.4.jar (10/36 kB) Progress (1): quarkus-rest-kotlin-3.23.4.jar (12/36 kB)Progress (1): quarkus-rest-kotlin-3.23.4.jar (12/36 kB)Progress (1): quarkus-rest-kotlin-3.23.4.jar (14/36 kB)Progress (1): quarkus-rest-kotlin-3.23.4.jar (15/36 kB)Progress (1): quarkus-rest-kotlin-3.23.4.jar (16/36 kB)Progress (1): quarkus-rest-kotlin-3.23.4.jar (18/36 kB)Progress (1): quarkus-rest-kotlin-3.23.4.jar (19/36 kB)Progress (1): quarkus-rest-kotlin-3.23.4.jar (21/36 kB)Progress (1): quarkus-rest-kotlin-3.23.4.jar (22/36 kB)Progress (1): quarkus-rest-kotlin-3.23.4.jar (23/36 kB)Progress (1): quarkus-rest-kotlin-3.23.4.jar (25/36 kB)Progress (1): quarkus-rest-kotlin-3.23.4.jar (26/36 kB)Progress (1): quarkus-rest-kotlin-3.23.4.jar (27/36 kB)Progress (1): quarkus-rest-kotlin-3.23.4.jar (29/36 kB)Progress (1): quarkus-rest-kotlin-3.23.4.jar (30/36 kB)Progress (1): quarkus-rest-kotlin-3.23.4.jar (31/36 kB)Progress (1): quarkus-rest-kotlin-3.23.4.jar (33/36 kB)Progress (1): quarkus-rest-kotlin-3.23.4.jar (34/36 kB)Progress (1): quarkus-rest-kotlin-3.23.4.jar (36/36 kB)Progress (1): quarkus-rest-kotlin-3.23.4.jar (36 kB)                                                       Downloaded&amp#27;[90m from &amp#27;[0mcentral&amp#27;[90m: https://repo.maven.apache.org/maven2/&amp#27;[0mio/quarkus/quarkus-rest-kotlin/3.23.4/quarkus-rest-kotlin-3.23.4.jar&amp#27;[90m (36 kB at 505 kB/s)&amp#27;[0m
&amp#27;[90mDownloading from &amp#27;[0mcentral&amp#27;[90m: https://repo.maven.apache.org/maven2/&amp#27;[0mio/quarkus/quarkus-rest-deployment/3.23.4/quarkus-rest-deployment-3.23.4.pom
&amp#27;[90mDownloading from &amp#27;[0mcentral&amp#27;[90m: https://repo.maven.apache.org/maven2/&amp#27;[0mio/quarkus/quarkus-jdbc-h2-deployment/3.23.4/quarkus-jdbc-h2-deployment-3.23.4.pom
&amp#27;[90mDownloading from &amp#27;[0mcentral&amp#27;[90m: https://repo.maven.apache.org/maven2/&amp#27;[0mio/quarkus/quarkus-mutiny-deployment/3.23.4/quarkus-mutiny-deployment-3.23.4.pom
&amp#27;[90mDownloading from &amp#27;[0mcentral&amp#27;[90m: https://repo.maven.apache.org/maven2/&amp#27;[0mio/quarkus/quarkus-hibernate-orm-panache-deployment/3.23.4/quarkus-hibernate-orm-panache-deployment-3.23.4.pom
Progress (1): quarkus-rest-deployment-3.23.4.pom (3.0 kB)Progress (1): quarkus-rest-deployment-3.23.4.pom (5.7 kB)                                                         Downloaded&amp#27;[90m from &amp#27;[0mcentral&amp#27;[90m: https://repo.maven.apache.org/maven2/&amp#27;[0mio/quarkus/quarkus-rest-deployment/3.23.4/quarkus-rest-deployment-3.23.4.pom&amp#27;[90m (5.7 kB at 109 kB/s)&amp#27;[0m
&amp#27;[90mDownloading from &amp#27;[0mcentral&amp#27;[90m: https://repo.maven.apache.org/maven2/&amp#27;[0mio/quarkus/resteasy/reactive/resteasy-reactive-processor/3.23.4/resteasy-reactive-processor-3.23.4.pom
Progress (1): quarkus-mutiny-deployment-3.23.4.pom (2.0 kB)Progress (1): quarkus-mutiny-deployment-3.23.4.pom (2.2 kB)                                                           Downloaded&amp#27;[90m from &amp#27;[0mcentral&amp#27;[90m: https://repo.maven.apache.org/maven2/&amp#27;[0mio/quarkus/quarkus-mutiny-deployment/3.23.4/quarkus-mutiny-deployment-3.23.4.pom&amp#27;[90m (2.2 kB at 29 kB/s)&amp#27;[0m
&amp#27;[90mDownloading from &amp#27;[0mcentral&amp#27;[90m: https://repo.maven.apache.org/maven2/&amp#27;[0mio/quarkus/quarkus-smallrye-context-propagation-deployment/3.23.4/quarkus-smallrye-context-propagation-deployment-3.23.4.pom
Progress (1): resteasy-reactive-processor-3.23.4.pom (2.0 kB)Progress (1): resteasy-reactive-processor-3.23.4.pom (2.8 kB)                                                             Downloaded&amp#27;[90m from &amp#27;[0mcentral&amp#27;[90m: https://repo.maven.apache.org/maven2/&amp#27;[0mio/quarkus/resteasy/reactive/resteasy-reactive-processor/3.23.4/resteasy-reactive-processor-3.23.4.pom&amp#27;[90m (2.8 kB at 67 kB/s)&amp#27;[0m
&amp#27;[90mDownloading from &amp#27;[0mcentral&amp#27;[90m: https://repo.maven.apache.org/maven2/&amp#27;[0mio/quarkus/resteasy/reactive/resteasy-reactive-common-processor/3.23.4/resteasy-reactive-common-processor-3.23.4.pom
Progress (1): quarkus-smallrye-context-propagation-deployment-3.23.4.pom (2.0 kB)Progress (1): quarkus-smallrye-context-propagation-deployment-3.23.4.pom (2.3 kB)                                                                                 Downloaded&amp#27;[90m from &amp#27;[0mcentral&amp#27;[90m: https://repo.maven.apache.org/maven2/&amp#27;[0mio/quarkus/quarkus-smallrye-context-propagation-deployment/3.23.4/quarkus-smallrye-context-propagation-deployment-3.23.4.pom&amp#27;[90m (2.3 kB at 62 kB/s)&amp#27;[0m
Progress (1): resteasy-reactive-common-processor-3.23.4.pom (2.0 kB)Progress (1): resteasy-reactive-common-processor-3.23.4.pom (2.1 kB)                                                                    Downloaded&amp#27;[90m from &amp#27;[0mcentral&amp#27;[90m: https://repo.maven.apache.org/maven2/&amp#27;[0mio/quarkus/resteasy/reactive/resteasy-reactive-common-processor/3.23.4/resteasy-reactive-common-processor-3.23.4.pom&amp#27;[90m (2.1 kB at 46 kB/s)&amp#27;[0m
&amp#27;[90mDownloading from &amp#27;[0mcentral&amp#27;[90m: https://repo.maven.apache.org/maven2/&amp#27;[0mio/quarkus/quarkus-vertx-http-deployment/3.23.4/quarkus-vertx-http-deployment-3.23.4.pom
Progress (1): quarkus-vertx-http-deployment-3.23.4.pom (2.6 kB)Progress (1): quarkus-vertx-http-deployment-3.23.4.pom (5.7 kB)Progress (1): quarkus-vertx-http-deployment-3.23.4.pom (7.1 kB)                                                               Downloaded&amp#27;[90m from &amp#27;[0mcentral&amp#27;[90m: https://repo.maven.apache.org/maven2/&amp#27;[0mio/quarkus/quarkus-vertx-http-deployment/3.23.4/quarkus-vertx-http-deployment-3.23.4.pom&amp#27;[90m (7.1 kB at 177 kB/s)&amp#27;[0m
&amp#27;[90mDownloading from &amp#27;[0mcentral&amp#27;[90m: https://repo.maven.apache.org/maven2/&amp#27;[0mio/quarkus/quarkus-vertx-deployment/3.23.4/quarkus-vertx-deployment-3.23.4.pom
Progress (1): quarkus-vertx-deployment-3.23.4.pom (2.8 kB)Progress (1): quarkus-vertx-deployment-3.23.4.pom (3.6 kB)                                                          Downloaded&amp#27;[90m from &amp#27;[0mcentral&amp#27;[90m: https://repo.maven.apache.org/maven2/&amp#27;[0mio/quarkus/quarkus-vertx-deployment/3.23.4/quarkus-vertx-deployment-3.23.4.pom&amp#27;[90m (3.6 kB at 87 kB/s)&amp#27;[0m
&amp#27;[90mDownloading from &amp#27;[0mcentral&amp#27;[90m: https://repo.maven.apache.org/maven2/&amp#27;[0mio/quarkus/quarkus-tls-registry-deployment-spi/3.23.4/quarkus-tls-registry-deployment-spi-3.23.4.pom
Progress (1): quarkus-tls-registry-deployment-spi-3.23.4.pom (1.1 kB)                                                                     Downloaded&amp#27;[90m from &amp#27;[0mcentral&amp#27;[90m: https://repo.maven.apache.org/maven2/&amp#27;[0mio/quarkus/quarkus-tls-registry-deployment-spi/3.23.4/quarkus-tls-registry-deployment-spi-3.23.4.pom&amp#27;[90m (1.1 kB at 29 kB/s)&amp#27;[0m
&amp#27;[90mDownloading from &amp#27;[0mcentral&amp#27;[90m: https://repo.maven.apache.org/maven2/&amp#27;[0mio/quarkus/quarkus-netty-deployment/3.23.4/quarkus-netty-deployment-3.23.4.pom
Progress (1): quarkus-netty-deployment-3.23.4.pom (1.9 kB)                                                          Downloaded&amp#27;[90m from &amp#27;[0mcentral&amp#27;[90m: https://repo.maven.apache.org/maven2/&amp#27;[0mio/quarkus/quarkus-netty-deployment/3.23.4/quarkus-netty-deployment-3.23.4.pom&amp#27;[90m (1.9 kB at 49 kB/s)&amp#27;[0m
&amp#27;[90mDownloading from &amp#27;[0mcentral&amp#27;[90m: https://repo.maven.apache.org/maven2/&amp#27;[0mio/quarkus/quarkus-virtual-threads-deployment/3.23.4/quarkus-virtual-threads-deployment-3.23.4.pom
Progress (1): quarkus-jdbc-h2-deployment-3.23.4.pom (2.1 kB)Progress (1): quarkus-jdbc-h2-deployment-3.23.4.pom (2.2 kB)                                                            Downloaded&amp#27;[90m from &amp#27;[0mcentral&amp#27;[90m: https://repo.maven.apache.org/maven2/&amp#27;[0mio/quarkus/quarkus-jdbc-h2-deployment/3.23.4/quarkus-jdbc-h2-deployment-3.23.4.pom&amp#27;[90m (2.2 kB at 5.8 kB/s)&amp#27;[0m
Progress (1): quarkus-virtual-threads-deployment-3.23.4.pom (1.9 kB)Progress (1): quarkus-virtual-threads-deployment-3.23.4.pom (2.0 kB)                                                                    Downloaded&amp#27;[90m from &amp#27;[0mcentral&amp#27;[90m: https://repo.maven.apache.org/maven2/&amp#27;[0mio/quarkus/quarkus-virtual-threads-deployment/3.23.4/quarkus-virtual-threads-deployment-3.23.4.pom&amp#27;[90m (2.0 kB at 50 kB/s)&amp#27;[0m
&amp#27;[90mDownloading from &amp#27;[0mcentral&amp#27;[90m: https://repo.maven.apache.org/maven2/&amp#27;[0mio/quarkus/quarkus-datasource-deployment-spi/3.23.4/quarkus-datasource-deployment-spi-3.23.4.pom
&amp#27;[90mDownloading from &amp#27;[0mcentral&amp#27;[90m: https://repo.maven.apache.org/maven2/&amp#27;[0mio/quarkus/quarkus-jackson-spi/3.23.4/quarkus-jackson-spi-3.23.4.pom
Progress (1): quarkus-jackson-spi-3.23.4.pom (830 B)Progress (2): quarkus-jackson-spi-3.23.4.pom (830 B) | quarkus-hibernate-orm-panache-deployment-3.23.4.pom (2.9 kB)Progress (2): quarkus-jackson-spi-3.23.4.pom (830 B) | quarkus-hibernate-orm-panache-deployment-3.23.4.pom (3.7 kB)                                                                                                                   Downloaded&amp#27;[90m from &amp#27;[0mcentral&amp#27;[90m: https://repo.maven.apache.org/maven2/&amp#27;[0mio/quarkus/quarkus-jackson-spi/3.23.4/quarkus-jackson-spi-3.23.4.pom&amp#27;[90m (830 B at 28 kB/s)&amp#27;[0m
&amp#27;[90mDownloading from &amp#27;[0mcentral&amp#27;[90m: https://repo.maven.apache.org/maven2/&amp#27;[0mio/quarkus/quarkus-jackson-parent/3.23.4/quarkus-jackson-parent-3.23.4.pom
Downloaded&amp#27;[90m from &amp#27;[0mcentral&amp#27;[90m: https://repo.maven.apache.org/maven2/&amp#27;[0mio/quarkus/quarkus-hibernate-orm-panache-deployment/3.23.4/quarkus-hibernate-orm-panache-deployment-3.23.4.pom&amp#27;[90m (3.7 kB at 8.3 kB/s)&amp#27;[0m
&amp#27;[90mDownloading from &amp#27;[0mcentral&amp#27;[90m: https://repo.maven.apache.org/maven2/&amp#27;[0mio/quarkus/quarkus-hibernate-orm-panache-common-deployment/3.23.4/quarkus-hibernate-orm-panache-common-deployment-3.23.4.pom
Progress (1): quarkus-jackson-parent-3.23.4.pom (766 B)                                                       Downloaded&amp#27;[90m from &amp#27;[0mcentral&amp#27;[90m: https://repo.maven.apache.org/maven2/&amp#27;[0mio/quarkus/quarkus-jackson-parent/3.23.4/quarkus-jackson-parent-3.23.4.pom&amp#27;[90m (766 B at 26 kB/s)&amp#27;[0m
&amp#27;[90mDownloading from &amp#27;[0mcentral&amp#27;[90m: https://repo.maven.apache.org/maven2/&amp#27;[0mio/quarkus/quarkus-vertx-deployment-spi/3.23.4/quarkus-vertx-deployment-spi-3.23.4.pom
Progress (1): quarkus-vertx-deployment-spi-3.23.4.pom (904 B)                                                             Downloaded&amp#27;[90m from &amp#27;[0mcentral&amp#27;[90m: https://repo.maven.apache.org/maven2/&amp#27;[0mio/quarkus/quarkus-vertx-deployment-spi/3.23.4/quarkus-vertx-deployment-spi-3.23.4.pom&amp#27;[90m (904 B at 32 kB/s)&amp#27;[0m
&amp#27;[90mDownloading from &amp#27;[0mcentral&amp#27;[90m: https://repo.maven.apache.org/maven2/&amp#27;[0mio/quarkus/quarkus-vertx-http-dev/3.23.4/quarkus-vertx-http-dev-3.23.4.pom
Progress (1): quarkus-vertx-http-dev-3.23.4.pom (822 B)                                                       Downloaded&amp#27;[90m from &amp#27;[0mcentral&amp#27;[90m: https://repo.maven.apache.org/maven2/&amp#27;[0mio/quarkus/quarkus-vertx-http-dev/3.23.4/quarkus-vertx-http-dev-3.23.4.pom&amp#27;[90m (822 B at 27 kB/s)&amp#27;[0m
&amp#27;[90mDownloading from &amp#27;[0mcentral&amp#27;[90m: https://repo.maven.apache.org/maven2/&amp#27;[0mio/quarkus/quarkus-vertx-http-deployment-spi/3.23.4/quarkus-vertx-http-deployment-spi-3.23.4.pom
Progress (1): quarkus-vertx-http-deployment-spi-3.23.4.pom (957 B)                                                                  Downloaded&amp#27;[90m from &amp#27;[0mcentral&amp#27;[90m: https://repo.maven.apache.org/maven2/&amp#27;[0mio/quarkus/quarkus-vertx-http-deployment-spi/3.23.4/quarkus-vertx-http-deployment-spi-3.23.4.pom&amp#27;[90m (957 B at 29 kB/s)&amp#27;[0m
&amp#27;[90mDownloading from &amp#27;[0mcentral&amp#27;[90m: https://repo.maven.apache.org/maven2/&amp#27;[0mio/quarkus/quarkus-tls-registry-deployment/3.23.4/quarkus-tls-registry-deployment-3.23.4.pom
Progress (1): quarkus-tls-registry-deployment-3.23.4.pom (2.7 kB)Progress (1): quarkus-tls-registry-deployment-3.23.4.pom (3.7 kB)                                                                 Downloaded&amp#27;[90m from &amp#27;[0mcentral&amp#27;[90m: https://repo.maven.apache.org/maven2/&amp#27;[0mio/quarkus/quarkus-tls-registry-deployment/3.23.4/quarkus-tls-registry-deployment-3.23.4.pom&amp#27;[90m (3.7 kB at 119 kB/s)&amp#27;[0m
&amp#27;[90mDownloading from &amp#27;[0mcentral&amp#27;[90m: https://repo.maven.apache.org/maven2/&amp#27;[0mio/quarkus/quarkus-credentials-deployment/3.23.4/quarkus-credentials-deployment-3.23.4.pom
Progress (1): quarkus-credentials-deployment-3.23.4.pom (1.9 kB)                                                                Downloaded&amp#27;[90m from &amp#27;[0mcentral&amp#27;[90m: https://repo.maven.apache.org/maven2/&amp#27;[0mio/quarkus/quarkus-credentials-deployment/3.23.4/quarkus-credentials-deployment-3.23.4.pom&amp#27;[90m (1.9 kB at 54 kB/s)&amp#27;[0m
&amp#27;[90mDownloading from &amp#27;[0mcentral&amp#27;[90m: https://repo.maven.apache.org/maven2/&amp#27;[0mio/quarkus/quarkus-kubernetes-spi/3.23.4/quarkus-kubernetes-spi-3.23.4.pom
Progress (1): quarkus-datasource-deployment-spi-3.23.4.pom (1.1 kB)Progress (2): quarkus-datasource-deployment-spi-3.23.4.pom (1.1 kB) | quarkus-kubernetes-spi-3.23.4.pom (1.2 kB)                                                                                                                Downloaded&amp#27;[90m from &amp#27;[0mcentral&amp#27;[90m: https://repo.maven.apache.org/maven2/&amp#27;[0mio/quarkus/quarkus-datasource-deployment-spi/3.23.4/quarkus-datasource-deployment-spi-3.23.4.pom&amp#27;[90m (1.1 kB at 3.5 kB/s)&amp#27;[0m
Downloaded&amp#27;[90m from &amp#27;[0mcentral&amp#27;[90m: https://repo.maven.apache.org/maven2/&amp#27;[0mio/quarkus/quarkus-kubernetes-spi/3.23.4/quarkus-kubernetes-spi-3.23.4.pom&amp#27;[90m (1.2 kB at 33 kB/s)&amp#27;[0m
&amp#27;[90mDownloading from &amp#27;[0mcentral&amp#27;[90m: https://repo.maven.apache.org/maven2/&amp#27;[0mio/quarkus/quarkus-kubernetes-parent/3.23.4/quarkus-kubernetes-parent-3.23.4.pom
&amp#27;[90mDownloading from &amp#27;[0mcentral&amp#27;[90m: https://repo.maven.apache.org/maven2/&amp#27;[0mio/quarkus/quarkus-devservices-h2/3.23.4/quarkus-devservices-h2-3.23.4.pom
Progress (1): quarkus-kubernetes-parent-3.23.4.pom (834 B)Progress (2): quarkus-kubernetes-parent-3.23.4.pom (834 B) | quarkus-hibernate-orm-panache-common-deployment-3.23.4.pom (2.1 kB)Progress (2): quarkus-kubernetes-parent-3.23.4.pom (834 B) | quarkus-hibernate-orm-panache-common-deployment-3.23.4.pom (2.4 kB)                                                                                                                                Downloaded&amp#27;[90m from &amp#27;[0mcentral&amp#27;[90m: https://repo.maven.apache.org/maven2/&amp#27;[0mio/quarkus/quarkus-kubernetes-parent/3.23.4/quarkus-kubernetes-parent-3.23.4.pom&amp#27;[90m (834 B at 23 kB/s)&amp#27;[0m
Downloaded&amp#27;[90m from &amp#27;[0mcentral&amp#27;[90m: https://repo.maven.apache.org/maven2/&amp#27;[0mio/quarkus/quarkus-hibernate-orm-panache-common-deployment/3.23.4/quarkus-hibernate-orm-panache-common-deployment-3.23.4.pom&amp#27;[90m (2.4 kB at 8.5 kB/s)&amp#27;[0m
&amp#27;[90mDownloading from &amp#27;[0mcentral&amp#27;[90m: https://repo.maven.apache.org/maven2/&amp#27;[0mio/quarkus/quarkus-security-spi/3.23.4/quarkus-security-spi-3.23.4.pom
&amp#27;[90mDownloading from &amp#27;[0mcentral&amp#27;[90m: https://repo.maven.apache.org/maven2/&amp#27;[0mio/quarkus/quarkus-panache-common-deployment/3.23.4/quarkus-panache-common-deployment-3.23.4.pom
Progress (1): quarkus-security-spi-3.23.4.pom (1.7 kB)                                                      Downloaded&amp#27;[90m from &amp#27;[0mcentral&amp#27;[90m: https://repo.maven.apache.org/maven2/&amp#27;[0mio/quarkus/quarkus-security-spi/3.23.4/quarkus-security-spi-3.23.4.pom&amp#27;[90m (1.7 kB at 42 kB/s)&amp#27;[0m
&amp#27;[90mDownloading from &amp#27;[0mcentral&amp#27;[90m: https://repo.maven.apache.org/maven2/&amp#27;[0mio/quarkus/quarkus-vertx-http-dev-ui-resources/3.23.4/quarkus-vertx-http-dev-ui-resources-3.23.4.pom
Progress (1): quarkus-vertx-http-dev-ui-resources-3.23.4.pom (2.1 kB)Progress (1): quarkus-vertx-http-dev-ui-resources-3.23.4.pom (5.6 kB)                                                                     Downloaded&amp#27;[90m from &amp#27;[0mcentral&amp#27;[90m: https://repo.maven.apache.org/maven2/&amp#27;[0mio/quarkus/quarkus-vertx-http-dev-ui-resources/3.23.4/quarkus-vertx-http-dev-ui-resources-3.23.4.pom&amp#27;[90m (5.6 kB at 161 kB/s)&amp#27;[0m
&amp#27;[90mDownloading from &amp#27;[0mcentral&amp#27;[90m: https://repo.maven.apache.org/maven2/&amp#27;[0morg/mvnpm/at/vaadin/router/1.7.5/router-1.7.5.pom
Progress (1): router-1.7.5.pom (1.4 kB)Progress (1): router-1.7.5.pom (2.7 kB)                                       Downloaded&amp#27;[90m from &amp#27;[0mcentral&amp#27;[90m: https://repo.maven.apache.org/maven2/&amp#27;[0morg/mvnpm/at/vaadin/router/1.7.5/router-1.7.5.pom&amp#27;[90m (2.7 kB at 60 kB/s)&amp#27;[0m
&amp#27;[90mDownloading from &amp#27;[0mcentral&amp#27;[90m: https://repo.maven.apache.org/maven2/&amp#27;[0morg/mvnpm/at/vaadin/vaadin-usage-statistics/2.1.3/vaadin-usage-statistics-2.1.3.pom
Progress (1): vaadin-usage-statistics-2.1.3.pom (1.4 kB)Progress (1): vaadin-usage-statistics-2.1.3.pom (2.9 kB)                                                        Downloaded&amp#27;[90m from &amp#27;[0mcentral&amp#27;[90m: https://repo.maven.apache.org/maven2/&amp#27;[0morg/mvnpm/at/vaadin/vaadin-usage-statistics/2.1.3/vaadin-usage-statistics-2.1.3.pom&amp#27;[90m (2.9 kB at 89 kB/s)&amp#27;[0m
&amp#27;[90mDownloading from &amp#27;[0mcentral&amp#27;[90m: https://repo.maven.apache.org/maven2/&amp#27;[0morg/mvnpm/at/vaadin/vaadin-development-mode-detector/2.0.7/vaadin-development-mode-detector-2.0.7.pom
Progress (1): vaadin-development-mode-detector-2.0.7.pom (1.5 kB)Progress (1): vaadin-development-mode-detector-2.0.7.pom (2.6 kB)                                                                 Downloaded&amp#27;[90m from &amp#27;[0mcentral&amp#27;[90m: https://repo.maven.apache.org/maven2/&amp#27;[0morg/mvnpm/at/vaadin/vaadin-development-mode-detector/2.0.7/vaadin-development-mode-detector-2.0.7.pom&amp#27;[90m (2.6 kB at 76 kB/s)&amp#27;[0m
&amp#27;[90mDownloading from &amp#27;[0mcentral&amp#27;[90m: https://repo.maven.apache.org/maven2/&amp#27;[0morg/mvnpm/path-to-regexp/2.4.0/path-to-regexp-2.4.0.pom
Progress (1): quarkus-devservices-h2-3.23.4.pom (1.7 kB)Progress (1): quarkus-devservices-h2-3.23.4.pom (2.1 kB)Progress (2): quarkus-devservices-h2-3.23.4.pom (2.1 kB) | path-to-regexp-2.4.0.pom (1.6 kB)Progress (2): quarkus-devservices-h2-3.23.4.pom (2.1 kB) | path-to-regexp-2.4.0.pom (1.7 kB)                                                                                            Downloaded&amp#27;[90m from &amp#27;[0mcentral&amp#27;[90m: https://repo.maven.apache.org/maven2/&amp#27;[0mio/quarkus/quarkus-devservices-h2/3.23.4/quarkus-devservices-h2-3.23.4.pom&amp#27;[90m (2.1 kB at 7.2 kB/s)&amp#27;[0m
&amp#27;[90mDownloading from &amp#27;[0mcentral&amp#27;[90m: https://repo.maven.apache.org/maven2/&amp#27;[0mio/quarkus/quarkus-devservices-parent/3.23.4/quarkus-devservices-parent-3.23.4.pom
Downloaded&amp#27;[90m from &amp#27;[0mcentral&amp#27;[90m: https://repo.maven.apache.org/maven2/&amp#27;[0morg/mvnpm/path-to-regexp/2.4.0/path-to-regexp-2.4.0.pom&amp#27;[90m (1.7 kB at 45 kB/s)&amp#27;[0m
&amp#27;[90mDownloading from &amp#27;[0mcentral&amp#27;[90m: https://repo.maven.apache.org/maven2/&amp#27;[0morg/mvnpm/at/mvnpm/vaadin-webcomponents/24.7.6/vaadin-webcomponents-24.7.6.pom
Progress (1): vaadin-webcomponents-24.7.6.pom (1.6 kB)Progress (1): vaadin-webcomponents-24.7.6.pom (3.2 kB)                                                      Downloaded&amp#27;[90m from &amp#27;[0mcentral&amp#27;[90m: https://repo.maven.apache.org/maven2/&amp#27;[0morg/mvnpm/at/mvnpm/vaadin-webcomponents/24.7.6/vaadin-webcomponents-24.7.6.pom&amp#27;[90m (3.2 kB at 84 kB/s)&amp#27;[0m
&amp#27;[90mDownloading from &amp#27;[0mcentral&amp#27;[90m: https://repo.maven.apache.org/maven2/&amp#27;[0morg/mvnpm/at/open-wc/dedupe-mixin/1.4.0/dedupe-mixin-1.4.0.pom
Progress (1): dedupe-mixin-1.4.0.pom (1.5 kB)                                             Downloaded&amp#27;[90m from &amp#27;[0mcentral&amp#27;[90m: https://repo.maven.apache.org/maven2/&amp#27;[0morg/mvnpm/at/open-wc/dedupe-mixin/1.4.0/dedupe-mixin-1.4.0.pom&amp#27;[90m (1.5 kB at 46 kB/s)&amp#27;[0m
&amp#27;[90mDownloading from &amp#27;[0mcentral&amp#27;[90m: https://repo.maven.apache.org/maven2/&amp#27;[0morg/mvnpm/lit/3.2.1/lit-3.2.1.pom
Progress (1): lit-3.2.1.pom (1.5 kB)Progress (1): lit-3.2.1.pom (2.7 kB)                                    Downloaded&amp#27;[90m from &amp#27;[0mcentral&amp#27;[90m: https://repo.maven.apache.org/maven2/&amp#27;[0morg/mvnpm/lit/3.2.1/lit-3.2.1.pom&amp#27;[90m (2.7 kB at 55 kB/s)&amp#27;[0m
&amp#27;[90mDownloading from &amp#27;[0mcentral&amp#27;[90m: https://repo.maven.apache.org/maven2/&amp#27;[0morg/mvnpm/at/lit/reactive-element/2.0.4/reactive-element-2.0.4.pom
Progress (1): quarkus-panache-common-deployment-3.23.4.pom (1.5 kB)Progress (2): quarkus-panache-common-deployment-3.23.4.pom (1.5 kB) | reactive-element-2.0.4.pom (1.4 kB)Progress (2): quarkus-panache-common-deployment-3.23.4.pom (1.5 kB) | reactive-element-2.0.4.pom (2.4 kB)                                                                                                         Downloaded&amp#27;[90m from &amp#27;[0mcentral&amp#27;[90m: https://repo.maven.apache.org/maven2/&amp#27;[0mio/quarkus/quarkus-panache-common-deployment/3.23.4/quarkus-panache-common-deployment-3.23.4.pom&amp#27;[90m (1.5 kB at 3.3 kB/s)&amp#27;[0m
Downloaded&amp#27;[90m from &amp#27;[0mcentral&amp#27;[90m: https://repo.maven.apache.org/maven2/&amp#27;[0morg/mvnpm/at/lit/reactive-element/2.0.4/reactive-element-2.0.4.pom&amp#27;[90m (2.4 kB at 41 kB/s)&amp#27;[0m
&amp#27;[90mDownloading from &amp#27;[0mcentral&amp#27;[90m: https://repo.maven.apache.org/maven2/&amp#27;[0morg/mvnpm/at/lit-labs/ssr-dom-shim/1.2.1/ssr-dom-shim-1.2.1.pom
&amp#27;[90mDownloading from &amp#27;[0mcentral&amp#27;[90m: https://repo.maven.apache.org/maven2/&amp#27;[0mjakarta/validation/jakarta.validation-api/3.0.2/jakarta.validation-api-3.0.2.pom
Progress (1): jakarta.validation-api-3.0.2.pom (1.0 kB)Progress (2): jakarta.validation-api-3.0.2.pom (1.0 kB) | ssr-dom-shim-1.2.1.pom (1.4 kB)Progress (2): jakarta.validation-api-3.0.2.pom (3.7 kB) | ssr-dom-shim-1.2.1.pom (1.4 kB)Progress (2): jakarta.validation-api-3.0.2.pom (3.7 kB) | ssr-dom-shim-1.2.1.pom (2.3 kB)Progress (2): jakarta.validation-api-3.0.2.pom (6.2 kB) | ssr-dom-shim-1.2.1.pom (2.3 kB)Progress (2): jakarta.validation-api-3.0.2.pom (9.4 kB) | ssr-dom-shim-1.2.1.pom (2.3 kB)Progress (2): jakarta.validation-api-3.0.2.pom (11 kB) | ssr-dom-shim-1.2.1.pom (2.3 kB)                                                                                                                                                                                 Downloaded&amp#27;[90m from &amp#27;[0mcentral&amp#27;[90m: https://repo.maven.apache.org/maven2/&amp#27;[0mjakarta/validation/jakarta.validation-api/3.0.2/jakarta.validation-api-3.0.2.pom&amp#27;[90m (11 kB at 343 kB/s)&amp#27;[0m
Downloaded&amp#27;[90m from &amp#27;[0mcentral&amp#27;[90m: https://repo.maven.apache.org/maven2/&amp#27;[0morg/mvnpm/at/lit-labs/ssr-dom-shim/1.2.1/ssr-dom-shim-1.2.1.pom&amp#27;[90m (2.3 kB at 58 kB/s)&amp#27;[0m
&amp#27;[90mDownloading from &amp#27;[0mcentral&amp#27;[90m: https://repo.maven.apache.org/maven2/&amp#27;[0morg/mvnpm/lit-element/4.1.1/lit-element-4.1.1.pom
&amp#27;[90mDownloading from &amp#27;[0mcentral&amp#27;[90m: https://repo.maven.apache.org/maven2/&amp#27;[0mio/quarkus/quarkus-hibernate-orm-deployment/3.23.4/quarkus-hibernate-orm-deployment-3.23.4.pom
Progress (1): lit-element-4.1.1.pom (1.4 kB)Progress (1): lit-element-4.1.1.pom (3.3 kB)                                            Downloaded&amp#27;[90m from &amp#27;[0mcentral&amp#27;[90m: https://repo.maven.apache.org/maven2/&amp#27;[0morg/mvnpm/lit-element/4.1.1/lit-element-4.1.1.pom&amp#27;[90m (3.3 kB at 113 kB/s)&amp#27;[0m
&amp#27;[90mDownloading from &amp#27;[0mcentral&amp#27;[90m: https://repo.maven.apache.org/maven2/&amp#27;[0morg/mvnpm/lit-html/3.2.1/lit-html-3.2.1.pom
Progress (1): quarkus-devservices-parent-3.23.4.pom (1.2 kB)                                                            Downloaded&amp#27;[90m from &amp#27;[0mcentral&amp#27;[90m: https://repo.maven.apache.org/maven2/&amp#27;[0mio/quarkus/quarkus-devservices-parent/3.23.4/quarkus-devservices-parent-3.23.4.pom&amp#27;[90m (1.2 kB at 4.2 kB/s)&amp#27;[0m
&amp#27;[90mDownloading from &amp#27;[0mcentral&amp#27;[90m: https://repo.maven.apache.org/maven2/&amp#27;[0mio/quarkus/quarkus-agroal-spi/3.23.4/quarkus-agroal-spi-3.23.4.pom
Progress (1): lit-html-3.2.1.pom (1.6 kB)Progress (1): lit-html-3.2.1.pom (2.7 kB)                                         Downloaded&amp#27;[90m from &amp#27;[0mcentral&amp#27;[90m: https://repo.maven.apache.org/maven2/&amp#27;[0morg/mvnpm/lit-html/3.2.1/lit-html-3.2.1.pom&amp#27;[90m (2.7 kB at 73 kB/s)&amp#27;[0m
&amp#27;[90mDownloading from &amp#27;[0mcentral&amp#27;[90m: https://repo.maven.apache.org/maven2/&amp#27;[0morg/mvnpm/at/types/trusted-types/2.0.7/trusted-types-2.0.7.pom
Progress (1): trusted-types-2.0.7.pom (1.3 kB)                                              Downloaded&amp#27;[90m from &amp#27;[0mcentral&amp#27;[90m: https://repo.maven.apache.org/maven2/&amp#27;[0morg/mvnpm/at/types/trusted-types/2.0.7/trusted-types-2.0.7.pom&amp#27;[90m (1.3 kB at 34 kB/s)&amp#27;[0m
&amp#27;[90mDownloading from &amp#27;[0mcentral&amp#27;[90m: https://repo.maven.apache.org/maven2/&amp#27;[0morg/mvnpm/at/polymer/polymer/3.5.2/polymer-3.5.2.pom
Progress (1): polymer-3.5.2.pom (1.0 kB)Progress (1): polymer-3.5.2.pom (2.7 kB)                                        Downloaded&amp#27;[90m from &amp#27;[0mcentral&amp#27;[90m: https://repo.maven.apache.org/maven2/&amp#27;[0morg/mvnpm/at/polymer/polymer/3.5.2/polymer-3.5.2.pom&amp#27;[90m (2.7 kB at 76 kB/s)&amp#27;[0m
&amp#27;[90mDownloading from &amp#27;[0mcentral&amp#27;[90m: https://repo.maven.apache.org/maven2/&amp#27;[0morg/mvnpm/at/webcomponents/shadycss/1.11.2/shadycss-1.11.2.pom
Progress (1): shadycss-1.11.2.pom (1.5 kB)Progress (1): shadycss-1.11.2.pom (1.7 kB)                                          Downloaded&amp#27;[90m from &amp#27;[0mcentral&amp#27;[90m: https://repo.maven.apache.org/maven2/&amp#27;[0morg/mvnpm/at/webcomponents/shadycss/1.11.2/shadycss-1.11.2.pom&amp#27;[90m (1.7 kB at 48 kB/s)&amp#27;[0m
&amp#27;[90mDownloading from &amp#27;[0mcentral&amp#27;[90m: https://repo.maven.apache.org/maven2/&amp#27;[0morg/mvnpm/lit-element-state/1.7.0/lit-element-state-1.7.0.pom
Progress (1): lit-element-state-1.7.0.pom (1.2 kB)                                                  Downloaded&amp#27;[90m from &amp#27;[0mcentral&amp#27;[90m: https://repo.maven.apache.org/maven2/&amp#27;[0morg/mvnpm/lit-element-state/1.7.0/lit-element-state-1.7.0.pom&amp#27;[90m (1.2 kB at 36 kB/s)&amp#27;[0m
&amp#27;[90mDownloading from &amp#27;[0mcentral&amp#27;[90m: https://repo.maven.apache.org/maven2/&amp#27;[0morg/mvnpm/echarts/5.6.0/echarts-5.6.0.pom
Progress (1): echarts-5.6.0.pom (1.4 kB)Progress (1): echarts-5.6.0.pom (2.5 kB)                                        Downloaded&amp#27;[90m from &amp#27;[0mcentral&amp#27;[90m: https://repo.maven.apache.org/maven2/&amp#27;[0morg/mvnpm/echarts/5.6.0/echarts-5.6.0.pom&amp#27;[90m (2.5 kB at 57 kB/s)&amp#27;[0m
&amp#27;[90mDownloading from &amp#27;[0mcentral&amp#27;[90m: https://repo.maven.apache.org/maven2/&amp#27;[0morg/mvnpm/tslib/2.3.0/tslib-2.3.0.pom
Progress (1): quarkus-hibernate-orm-deployment-3.23.4.pom (3.2 kB)Progress (1): quarkus-hibernate-orm-deployment-3.23.4.pom (6.0 kB)Progress (1): quarkus-hibernate-orm-deployment-3.23.4.pom (6.7 kB)Progress (2): quarkus-hibernate-orm-deployment-3.23.4.pom (6.7 kB) | tslib-2.3.0.pom (1.5 kB)Progress (2): quarkus-hibernate-orm-deployment-3.23.4.pom (6.7 kB) | tslib-2.3.0.pom (2.0 kB)                                                                                             Downloaded&amp#27;[90m from &amp#27;[0mcentral&amp#27;[90m: https://repo.maven.apache.org/maven2/&amp#27;[0mio/quarkus/quarkus-hibernate-orm-deployment/3.23.4/quarkus-hibernate-orm-deployment-3.23.4.pom&amp#27;[90m (6.7 kB at 22 kB/s)&amp#27;[0m
Downloaded&amp#27;[90m from &amp#27;[0mcentral&amp#27;[90m: https://repo.maven.apache.org/maven2/&amp#27;[0morg/mvnpm/tslib/2.3.0/tslib-2.3.0.pom&amp#27;[90m (2.0 kB at 66 kB/s)&amp#27;[0m
&amp#27;[90mDownloading from &amp#27;[0mcentral&amp#27;[90m: https://repo.maven.apache.org/maven2/&amp#27;[0morg/mvnpm/zrender/5.6.1/zrender-5.6.1.pom
&amp#27;[90mDownloading from &amp#27;[0mcentral&amp#27;[90m: https://repo.maven.apache.org/maven2/&amp#27;[0mio/quarkus/quarkus-hibernate-orm-deployment-spi/3.23.4/quarkus-hibernate-orm-deployment-spi-3.23.4.pom
Progress (1): quarkus-agroal-spi-3.23.4.pom (1.1 kB)Progress (2): quarkus-agroal-spi-3.23.4.pom (1.1 kB) | zrender-5.6.1.pom (1.6 kB)Progress (2): quarkus-agroal-spi-3.23.4.pom (1.1 kB) | zrender-5.6.1.pom (3.2 kB)                                                                                                                                                                  Downloaded&amp#27;[90m from &amp#27;[0mcentral&amp#27;[90m: https://repo.maven.apache.org/maven2/&amp#27;[0morg/mvnpm/zrender/5.6.1/zrender-5.6.1.pom&amp#27;[90m (3.2 kB at 115 kB/s)&amp#27;[0m
Downloaded&amp#27;[90m from &amp#27;[0mcentral&amp#27;[90m: https://repo.maven.apache.org/maven2/&amp#27;[0mio/quarkus/quarkus-agroal-spi/3.23.4/quarkus-agroal-spi-3.23.4.pom&amp#27;[90m (1.1 kB at 3.9 kB/s)&amp#27;[0m
&amp#27;[90mDownloading from &amp#27;[0mcentral&amp#27;[90m: https://repo.maven.apache.org/maven2/&amp#27;[0morg/mvnpm/at/mvnpm/codeblock/1.1.1/codeblock-1.1.1.pom
Progress (1): codeblock-1.1.1.pom (1.5 kB)Progress (1): codeblock-1.1.1.pom (2.0 kB)                                          Downloaded&amp#27;[90m from &amp#27;[0mcentral&amp#27;[90m: https://repo.maven.apache.org/maven2/&amp#27;[0morg/mvnpm/at/mvnpm/codeblock/1.1.1/codeblock-1.1.1.pom&amp#27;[90m (2.0 kB at 43 kB/s)&amp#27;[0m
&amp#27;[90mDownloading from &amp#27;[0mcentral&amp#27;[90m: https://repo.maven.apache.org/maven2/&amp#27;[0morg/mvnpm/at/mvnpm/qomponent/1.0.4/qomponent-1.0.4.pom
Progress (1): qomponent-1.0.4.pom (1.6 kB)Progress (1): qomponent-1.0.4.pom (2.2 kB)                                          Downloaded&amp#27;[90m from &amp#27;[0mcentral&amp#27;[90m: https://repo.maven.apache.org/maven2/&amp#27;[0morg/mvnpm/at/mvnpm/qomponent/1.0.4/qomponent-1.0.4.pom&amp#27;[90m (2.2 kB at 62 kB/s)&amp#27;[0m
&amp#27;[90mDownloading from &amp#27;[0mcentral&amp#27;[90m: https://repo.maven.apache.org/maven2/&amp#27;[0morg/mvnpm/at/qomponent/qui-directory-tree/1.0.3/qui-directory-tree-1.0.3.pom
Progress (1): qui-directory-tree-1.0.3.pom (1.2 kB)Progress (1): qui-directory-tree-1.0.3.pom (1.4 kB)                                                   Downloaded&amp#27;[90m from &amp#27;[0mcentral&amp#27;[90m: https://repo.maven.apache.org/maven2/&amp#27;[0morg/mvnpm/at/qomponent/qui-directory-tree/1.0.3/qui-directory-tree-1.0.3.pom&amp#27;[90m (1.4 kB at 26 kB/s)&amp#27;[0m
&amp#27;[90mDownloading from &amp#27;[0mcentral&amp#27;[90m: https://repo.maven.apache.org/maven2/&amp#27;[0morg/mvnpm/markdown-it/14.1.0/markdown-it-14.1.0.pom
Progress (1): markdown-it-14.1.0.pom (1.4 kB)Progress (1): markdown-it-14.1.0.pom (2.7 kB)                                             Downloaded&amp#27;[90m from &amp#27;[0mcentral&amp#27;[90m: https://repo.maven.apache.org/maven2/&amp#27;[0morg/mvnpm/markdown-it/14.1.0/markdown-it-14.1.0.pom&amp#27;[90m (2.7 kB at 65 kB/s)&amp#27;[0m
&amp#27;[90mDownloading from &amp#27;[0mcentral&amp#27;[90m: https://repo.maven.apache.org/maven2/&amp#27;[0morg/mvnpm/argparse/2.0.1/argparse-2.0.1.pom
Progress (1): argparse-2.0.1.pom (1.2 kB)                                         Downloaded&amp#27;[90m from &amp#27;[0mcentral&amp#27;[90m: https://repo.maven.apache.org/maven2/&amp#27;[0morg/mvnpm/argparse/2.0.1/argparse-2.0.1.pom&amp#27;[90m (1.2 kB at 28 kB/s)&amp#27;[0m
&amp#27;[90mDownloading from &amp#27;[0mcentral&amp#27;[90m: https://repo.maven.apache.org/maven2/&amp#27;[0morg/mvnpm/entities/4.5.0/entities-4.5.0.pom
Progress (1): quarkus-hibernate-orm-deployment-spi-3.23.4.pom (788 B)Progress (2): quarkus-hibernate-orm-deployment-spi-3.23.4.pom (788 B) | entities-4.5.0.pom (1.2 kB)                                                                                                                                                                                                      Downloaded&amp#27;[90m from &amp#27;[0mcentral&amp#27;[90m: https://repo.maven.apache.org/maven2/&amp#27;[0mio/quarkus/quarkus-hibernate-orm-deployment-spi/3.23.4/quarkus-hibernate-orm-deployment-spi-3.23.4.pom&amp#27;[90m (788 B at 2.4 kB/s)&amp#27;[0m
Downloaded&amp#27;[90m from &amp#27;[0mcentral&amp#27;[90m: https://repo.maven.apache.org/maven2/&amp#27;[0morg/mvnpm/entities/4.5.0/entities-4.5.0.pom&amp#27;[90m (1.2 kB at 21 kB/s)&amp#27;[0m
&amp#27;[90mDownloading from &amp#27;[0mcentral&amp#27;[90m: https://repo.maven.apache.org/maven2/&amp#27;[0morg/mvnpm/linkify-it/5.0.0/linkify-it-5.0.0.pom
&amp#27;[90mDownloading from &amp#27;[0mcentral&amp#27;[90m: https://repo.maven.apache.org/maven2/&amp#27;[0mio/quarkus/quarkus-narayana-jta-deployment/3.23.4/quarkus-narayana-jta-deployment-3.23.4.pom
Progress (1): linkify-it-5.0.0.pom (1.4 kB)Progress (1): linkify-it-5.0.0.pom (1.5 kB)                                           Downloaded&amp#27;[90m from &amp#27;[0mcentral&amp#27;[90m: https://repo.maven.apache.org/maven2/&amp#27;[0morg/mvnpm/linkify-it/5.0.0/linkify-it-5.0.0.pom&amp#27;[90m (1.5 kB at 40 kB/s)&amp#27;[0m
&amp#27;[90mDownloading from &amp#27;[0mcentral&amp#27;[90m: https://repo.maven.apache.org/maven2/&amp#27;[0morg/mvnpm/uc.micro/2.1.0/uc.micro-2.1.0.pom
Progress (1): uc.micro-2.1.0.pom (1.2 kB)                                         Downloaded&amp#27;[90m from &amp#27;[0mcentral&amp#27;[90m: https://repo.maven.apache.org/maven2/&amp#27;[0morg/mvnpm/uc.micro/2.1.0/uc.micro-2.1.0.pom&amp#27;[90m (1.2 kB at 43 kB/s)&amp#27;[0m
&amp#27;[90mDownloading from &amp#27;[0mcentral&amp#27;[90m: https://repo.maven.apache.org/maven2/&amp#27;[0morg/mvnpm/mdurl/2.0.0/mdurl-2.0.0.pom
Progress (1): mdurl-2.0.0.pom (1.2 kB)                                      Downloaded&amp#27;[90m from &amp#27;[0mcentral&amp#27;[90m: https://repo.maven.apache.org/maven2/&amp#27;[0morg/mvnpm/mdurl/2.0.0/mdurl-2.0.0.pom&amp#27;[90m (1.2 kB at 45 kB/s)&amp#27;[0m
&amp#27;[90mDownloading from &amp#27;[0mcentral&amp#27;[90m: https://repo.maven.apache.org/maven2/&amp#27;[0morg/mvnpm/punycode.js/2.3.1/punycode.js-2.3.1.pom
Progress (1): punycode.js-2.3.1.pom (1.2 kB)Progress (1): punycode.js-2.3.1.pom (1.4 kB)                                            Downloaded&amp#27;[90m from &amp#27;[0mcentral&amp#27;[90m: https://repo.maven.apache.org/maven2/&amp#27;[0morg/mvnpm/punycode.js/2.3.1/punycode.js-2.3.1.pom&amp#27;[90m (1.4 kB at 45 kB/s)&amp#27;[0m
&amp#27;[90mDownloading from &amp#27;[0mcentral&amp#27;[90m: https://repo.maven.apache.org/maven2/&amp#27;[0morg/mvnpm/es-module-shims/2.0.10/es-module-shims-2.0.10.pom
Progress (1): es-module-shims-2.0.10.pom (1.3 kB)                                                 Downloaded&amp#27;[90m from &amp#27;[0mcentral&amp#27;[90m: https://repo.maven.apache.org/maven2/&amp#27;[0morg/mvnpm/es-module-shims/2.0.10/es-module-shims-2.0.10.pom&amp#27;[90m (1.3 kB at 46 kB/s)&amp#27;[0m
&amp#27;[90mDownloading from &amp#27;[0mcentral&amp#27;[90m: https://repo.maven.apache.org/maven2/&amp#27;[0mio/mvnpm/importmap/1.0.11/importmap-1.0.11.pom
Progress (1): importmap-1.0.11.pom (1.3 kB)Progress (1): importmap-1.0.11.pom (4.1 kB)Progress (1): importmap-1.0.11.pom (7.0 kB)                                           Downloaded&amp#27;[90m from &amp#27;[0mcentral&amp#27;[90m: https://repo.maven.apache.org/maven2/&amp#27;[0mio/mvnpm/importmap/1.0.11/importmap-1.0.11.pom&amp#27;[90m (7.0 kB at 218 kB/s)&amp#27;[0m
&amp#27;[90mDownloading from &amp#27;[0mcentral&amp#27;[90m: https://repo.maven.apache.org/maven2/&amp#27;[0mcom/fasterxml/jackson/jackson-bom/2.17.2/jackson-bom-2.17.2.pom
Progress (1): jackson-bom-2.17.2.pom (924 B)Progress (1): jackson-bom-2.17.2.pom (2.7 kB)Progress (1): jackson-bom-2.17.2.pom (8.1 kB)Progress (1): jackson-bom-2.17.2.pom (17 kB) Progress (1): jackson-bom-2.17.2.pom (19 kB)                                            Downloaded&amp#27;[90m from &amp#27;[0mcentral&amp#27;[90m: https://repo.maven.apache.org/maven2/&amp#27;[0mcom/fasterxml/jackson/jackson-bom/2.17.2/jackson-bom-2.17.2.pom&amp#27;[90m (19 kB at 456 kB/s)&amp#27;[0m
&amp#27;[90mDownloading from &amp#27;[0mcentral&amp#27;[90m: https://repo.maven.apache.org/maven2/&amp#27;[0mcom/fasterxml/jackson/jackson-parent/2.17/jackson-parent-2.17.pom
Progress (1): jackson-parent-2.17.pom (1.1 kB)Progress (1): jackson-parent-2.17.pom (2.5 kB)Progress (1): jackson-parent-2.17.pom (4.0 kB)Progress (1): jackson-parent-2.17.pom (6.5 kB)                                              Downloaded&amp#27;[90m from &amp#27;[0mcentral&amp#27;[90m: https://repo.maven.apache.org/maven2/&amp#27;[0mcom/fasterxml/jackson/jackson-parent/2.17/jackson-parent-2.17.pom&amp#27;[90m (6.5 kB at 181 kB/s)&amp#27;[0m
Progress (1): quarkus-narayana-jta-deployment-3.23.4.pom (2.1 kB)Progress (1): quarkus-narayana-jta-deployment-3.23.4.pom (2.4 kB)                                                                 &amp#27;[90mDownloading from &amp#27;[0mcentral&amp#27;[90m: https://repo.maven.apache.org/maven2/&amp#27;[0mcom/fasterxml/oss-parent/58/oss-parent-58.pom
Downloaded&amp#27;[90m from &amp#27;[0mcentral&amp#27;[90m: https://repo.maven.apache.org/maven2/&amp#27;[0mio/quarkus/quarkus-narayana-jta-deployment/3.23.4/quarkus-narayana-jta-deployment-3.23.4.pom&amp#27;[90m (2.4 kB at 8.2 kB/s)&amp#27;[0m
&amp#27;[90mDownloading from &amp#27;[0mcentral&amp#27;[90m: https://repo.maven.apache.org/maven2/&amp#27;[0mio/quarkus/quarkus-agroal-deployment/3.23.4/quarkus-agroal-deployment-3.23.4.pom
Progress (1): oss-parent-58.pom (950 B)Progress (1): oss-parent-58.pom (2.3 kB)Progress (1): oss-parent-58.pom (3.5 kB)Progress (1): oss-parent-58.pom (5.3 kB)Progress (1): oss-parent-58.pom (8.5 kB)Progress (1): oss-parent-58.pom (10 kB) Progress (1): oss-parent-58.pom (13 kB)Progress (1): oss-parent-58.pom (15 kB)Progress (1): oss-parent-58.pom (18 kB)Progress (1): oss-parent-58.pom (21 kB)Progress (1): oss-parent-58.pom (24 kB)                                       Downloaded&amp#27;[90m from &amp#27;[0mcentral&amp#27;[90m: https://repo.maven.apache.org/maven2/&amp#27;[0mcom/fasterxml/oss-parent/58/oss-parent-58.pom&amp#27;[90m (24 kB at 563 kB/s)&amp#27;[0m
&amp#27;[90mDownloading from &amp#27;[0mcentral&amp#27;[90m: https://repo.maven.apache.org/maven2/&amp#27;[0mio/quarkus/quarkus-rest-dev/3.23.4/quarkus-rest-dev-3.23.4.pom
Progress (1): quarkus-rest-dev-3.23.4.pom (972 B)                                                 Downloaded&amp#27;[90m from &amp#27;[0mcentral&amp#27;[90m: https://repo.maven.apache.org/maven2/&amp#27;[0mio/quarkus/quarkus-rest-dev/3.23.4/quarkus-rest-dev-3.23.4.pom&amp#27;[90m (972 B at 29 kB/s)&amp#27;[0m
&amp#27;[90mDownloading from &amp#27;[0mcentral&amp#27;[90m: https://repo.maven.apache.org/maven2/&amp#27;[0mio/quarkus/quarkus-rest-server-spi-deployment/3.23.4/quarkus-rest-server-spi-deployment-3.23.4.pom
Progress (1): quarkus-rest-server-spi-deployment-3.23.4.pom (954 B)                                                                   Downloaded&amp#27;[90m from &amp#27;[0mcentral&amp#27;[90m: https://repo.maven.apache.org/maven2/&amp#27;[0mio/quarkus/quarkus-rest-server-spi-deployment/3.23.4/quarkus-rest-server-spi-deployment-3.23.4.pom&amp#27;[90m (954 B at 34 kB/s)&amp#27;[0m
&amp#27;[90mDownloading from &amp#27;[0mcentral&amp#27;[90m: https://repo.maven.apache.org/maven2/&amp#27;[0mio/quarkus/quarkus-rest-spi-deployment/3.23.4/quarkus-rest-spi-deployment-3.23.4.pom
Progress (1): quarkus-rest-spi-deployment-3.23.4.pom (896 B)                                                            Downloaded&amp#27;[90m from &amp#27;[0mcentral&amp#27;[90m: https://repo.maven.apache.org/maven2/&amp#27;[0mio/quarkus/quarkus-rest-spi-deployment/3.23.4/quarkus-rest-spi-deployment-3.23.4.pom&amp#27;[90m (896 B at 22 kB/s)&amp#27;[0m
&amp#27;[90mDownloading from &amp#27;[0mcentral&amp#27;[90m: https://repo.maven.apache.org/maven2/&amp#27;[0mio/quarkus/quarkus-jaxrs-spi-deployment/3.23.4/quarkus-jaxrs-spi-deployment-3.23.4.pom
Progress (1): quarkus-jaxrs-spi-deployment-3.23.4.pom (774 B)                                                             Downloaded&amp#27;[90m from &amp#27;[0mcentral&amp#27;[90m: https://repo.maven.apache.org/maven2/&amp#27;[0mio/quarkus/quarkus-jaxrs-spi-deployment/3.23.4/quarkus-jaxrs-spi-deployment-3.23.4.pom&amp#27;[90m (774 B at 18 kB/s)&amp#27;[0m
&amp#27;[90mDownloading from &amp#27;[0mcentral&amp#27;[90m: https://repo.maven.apache.org/maven2/&amp#27;[0mio/quarkus/quarkus-jaxrs-spi-parent/3.23.4/quarkus-jaxrs-spi-parent-3.23.4.pom
Progress (1): quarkus-agroal-deployment-3.23.4.pom (1.5 kB)Progress (2): quarkus-agroal-deployment-3.23.4.pom (1.5 kB) | quarkus-jaxrs-spi-parent-3.23.4.pom (718 B)Progress (2): quarkus-agroal-deployment-3.23.4.pom (5.0 kB) | quarkus-jaxrs-spi-parent-3.23.4.pom (718 B)                                                                                                         Downloaded&amp#27;[90m from &amp#27;[0mcentral&amp#27;[90m: https://repo.maven.apache.org/maven2/&amp#27;[0mio/quarkus/quarkus-jaxrs-spi-parent/3.23.4/quarkus-jaxrs-spi-parent-3.23.4.pom&amp#27;[90m (718 B at 18 kB/s)&amp#27;[0m
Downloaded&amp#27;[90m from &amp#27;[0mcentral&amp#27;[90m: https://repo.maven.apache.org/maven2/&amp#27;[0mio/quarkus/quarkus-agroal-deployment/3.23.4/quarkus-agroal-deployment-3.23.4.pom&amp#27;[90m (5.0 kB at 16 kB/s)&amp#27;[0m
&amp#27;[90mDownloading from &amp#27;[0mcentral&amp#27;[90m: https://repo.maven.apache.org/maven2/&amp#27;[0mio/quarkus/quarkus-datasource-deployment/3.23.4/quarkus-datasource-deployment-3.23.4.pom
&amp#27;[90mDownloading from &amp#27;[0mcentral&amp#27;[90m: https://repo.maven.apache.org/maven2/&amp#27;[0mio/quarkus/quarkus-jsonp-deployment/3.23.4/quarkus-jsonp-deployment-3.23.4.pom
Progress (1): quarkus-jsonp-deployment-3.23.4.pom (1.7 kB)                                                          Downloaded&amp#27;[90m from &amp#27;[0mcentral&amp#27;[90m: https://repo.maven.apache.org/maven2/&amp#27;[0mio/quarkus/quarkus-jsonp-deployment/3.23.4/quarkus-jsonp-deployment-3.23.4.pom&amp#27;[90m (1.7 kB at 50 kB/s)&amp#27;[0m
&amp#27;[90mDownloading from &amp#27;[0mcentral&amp#27;[90m: https://repo.maven.apache.org/maven2/&amp#27;[0mio/quarkus/quarkus-rest-common-deployment/3.23.4/quarkus-rest-common-deployment-3.23.4.pom
Progress (1): quarkus-rest-common-deployment-3.23.4.pom (2.3 kB)Progress (1): quarkus-rest-common-deployment-3.23.4.pom (3.9 kB)                                                                Downloaded&amp#27;[90m from &amp#27;[0mcentral&amp#27;[90m: https://repo.maven.apache.org/maven2/&amp#27;[0mio/quarkus/quarkus-rest-common-deployment/3.23.4/quarkus-rest-common-deployment-3.23.4.pom&amp#27;[90m (3.9 kB at 84 kB/s)&amp#27;[0m
Progress (1): quarkus-datasource-deployment-3.23.4.pom (2.5 kB)Progress (1): quarkus-datasource-deployment-3.23.4.pom (2.8 kB)                                                               Downloaded&amp#27;[90m from &amp#27;[0mcentral&amp#27;[90m: https://repo.maven.apache.org/maven2/&amp#27;[0mio/quarkus/quarkus-datasource-deployment/3.23.4/quarkus-datasource-deployment-3.23.4.pom&amp#27;[90m (2.8 kB at 3.2 kB/s)&amp#27;[0m
&amp#27;[90mDownloading from &amp#27;[0mcentral&amp#27;[90m: https://repo.maven.apache.org/maven2/&amp#27;[0mio/quarkus/quarkus-datasource-dev/3.23.4/quarkus-datasource-dev-3.23.4.pom
Progress (1): quarkus-datasource-dev-3.23.4.pom (847 B)                                                       Downloaded&amp#27;[90m from &amp#27;[0mcentral&amp#27;[90m: https://repo.maven.apache.org/maven2/&amp#27;[0mio/quarkus/quarkus-datasource-dev/3.23.4/quarkus-datasource-dev-3.23.4.pom&amp#27;[90m (847 B at 2.9 kB/s)&amp#27;[0m
&amp#27;[90mDownloading from &amp#27;[0mcentral&amp#27;[90m: https://repo.maven.apache.org/maven2/&amp#27;[0mio/quarkus/quarkus-kubernetes-service-binding-spi/3.23.4/quarkus-kubernetes-service-binding-spi-3.23.4.pom
Progress (1): quarkus-kubernetes-service-binding-spi-3.23.4.pom (914 B)                                                                       Downloaded&amp#27;[90m from &amp#27;[0mcentral&amp#27;[90m: https://repo.maven.apache.org/maven2/&amp#27;[0mio/quarkus/quarkus-kubernetes-service-binding-spi/3.23.4/quarkus-kubernetes-service-binding-spi-3.23.4.pom&amp#27;[90m (914 B at 2.2 kB/s)&amp#27;[0m
&amp#27;[90mDownloading from &amp#27;[0mcentral&amp#27;[90m: https://repo.maven.apache.org/maven2/&amp#27;[0mio/quarkus/quarkus-kubernetes-service-binding-parent/3.23.4/quarkus-kubernetes-service-binding-parent-3.23.4.pom
Progress (1): quarkus-kubernetes-service-binding-parent-3.23.4.pom (805 B)                                                                          Downloaded&amp#27;[90m from &amp#27;[0mcentral&amp#27;[90m: https://repo.maven.apache.org/maven2/&amp#27;[0mio/quarkus/quarkus-kubernetes-service-binding-parent/3.23.4/quarkus-kubernetes-service-binding-parent-3.23.4.pom&amp#27;[90m (805 B at 1.7 kB/s)&amp#27;[0m
&amp#27;[90mDownloading from &amp#27;[0mcentral&amp#27;[90m: https://repo.maven.apache.org/maven2/&amp#27;[0mio/quarkus/quarkus-devservices-deployment/3.23.4/quarkus-devservices-deployment-3.23.4.pom
Progress (1): quarkus-devservices-deployment-3.23.4.pom (2.0 kB)Progress (1): quarkus-devservices-deployment-3.23.4.pom (2.2 kB)                                                                Downloaded&amp#27;[90m from &amp#27;[0mcentral&amp#27;[90m: https://repo.maven.apache.org/maven2/&amp#27;[0mio/quarkus/quarkus-devservices-deployment/3.23.4/quarkus-devservices-deployment-3.23.4.pom&amp#27;[90m (2.2 kB at 3.6 kB/s)&amp#27;[0m
&amp#27;[90mDownloading from &amp#27;[0mcentral&amp#27;[90m: https://repo.maven.apache.org/maven2/&amp#27;[0mio/quarkus/quarkus-devservices-common/3.23.4/quarkus-devservices-common-3.23.4.pom
Progress (1): quarkus-devservices-common-3.23.4.pom (1.5 kB)Progress (1): quarkus-devservices-common-3.23.4.pom (2.0 kB)                                                            Downloaded&amp#27;[90m from &amp#27;[0mcentral&amp#27;[90m: https://repo.maven.apache.org/maven2/&amp#27;[0mio/quarkus/quarkus-devservices-common/3.23.4/quarkus-devservices-common-3.23.4.pom&amp#27;[90m (2.0 kB at 3.2 kB/s)&amp#27;[0m
&amp#27;[90mDownloading from &amp#27;[0mcentral&amp#27;[90m: https://repo.maven.apache.org/maven2/&amp#27;[0mcom/github/docker-java/docker-java-api/3.4.2/docker-java-api-3.4.2.pom
Progress (1): docker-java-api-3.4.2.pom (1.4 kB)Progress (1): docker-java-api-3.4.2.pom (2.4 kB)                                                Downloaded&amp#27;[90m from &amp#27;[0mcentral&amp#27;[90m: https://repo.maven.apache.org/maven2/&amp#27;[0mcom/github/docker-java/docker-java-api/3.4.2/docker-java-api-3.4.2.pom&amp#27;[90m (2.4 kB at 69 kB/s)&amp#27;[0m
&amp#27;[90mDownloading from &amp#27;[0mcentral&amp#27;[90m: https://repo.maven.apache.org/maven2/&amp#27;[0mcom/github/docker-java/docker-java-parent/3.4.2/docker-java-parent-3.4.2.pom
Progress (1): docker-java-parent-3.4.2.pom (1.1 kB)Progress (1): docker-java-parent-3.4.2.pom (2.7 kB)Progress (1): docker-java-parent-3.4.2.pom (5.7 kB)Progress (1): docker-java-parent-3.4.2.pom (8.9 kB)Progress (1): docker-java-parent-3.4.2.pom (12 kB) Progress (1): docker-java-parent-3.4.2.pom (12 kB)                                                  Downloaded&amp#27;[90m from &amp#27;[0mcentral&amp#27;[90m: https://repo.maven.apache.org/maven2/&amp#27;[0mcom/github/docker-java/docker-java-parent/3.4.2/docker-java-parent-3.4.2.pom&amp#27;[90m (12 kB at 302 kB/s)&amp#27;[0m
&amp#27;[90mDownloading from &amp#27;[0mcentral&amp#27;[90m: https://repo.maven.apache.org/maven2/&amp#27;[0morg/testcontainers/testcontainers/1.21.1/testcontainers-1.21.1.pom
Progress (1): testcontainers-1.21.1.pom (1.3 kB)Progress (1): testcontainers-1.21.1.pom (2.6 kB)                                                Downloaded&amp#27;[90m from &amp#27;[0mcentral&amp#27;[90m: https://repo.maven.apache.org/maven2/&amp#27;[0morg/testcontainers/testcontainers/1.21.1/testcontainers-1.21.1.pom&amp#27;[90m (2.6 kB at 67 kB/s)&amp#27;[0m
&amp#27;[90mDownloading from &amp#27;[0mcentral&amp#27;[90m: https://repo.maven.apache.org/maven2/&amp#27;[0morg/rnorth/duct-tape/duct-tape/1.0.8/duct-tape-1.0.8.pom
Progress (1): duct-tape-1.0.8.pom (1.0 kB)Progress (1): duct-tape-1.0.8.pom (4.6 kB)Progress (1): duct-tape-1.0.8.pom (6.2 kB)                                          Downloaded&amp#27;[90m from &amp#27;[0mcentral&amp#27;[90m: https://repo.maven.apache.org/maven2/&amp#27;[0morg/rnorth/duct-tape/duct-tape/1.0.8/duct-tape-1.0.8.pom&amp#27;[90m (6.2 kB at 168 kB/s)&amp#27;[0m
&amp#27;[90mDownloading from &amp#27;[0mcentral&amp#27;[90m: https://repo.maven.apache.org/maven2/&amp#27;[0morg/jetbrains/annotations/26.0.2/annotations-26.0.2.pom
Progress (1): annotations-26.0.2.pom (978 B)Progress (1): annotations-26.0.2.pom (1.7 kB)                                             Downloaded&amp#27;[90m from &amp#27;[0mcentral&amp#27;[90m: https://repo.maven.apache.org/maven2/&amp#27;[0morg/jetbrains/annotations/26.0.2/annotations-26.0.2.pom&amp#27;[90m (1.7 kB at 54 kB/s)&amp#27;[0m
&amp#27;[90mDownloading from &amp#27;[0mcentral&amp#27;[90m: https://repo.maven.apache.org/maven2/&amp#27;[0mcom/github/docker-java/docker-java-transport-zerodep/3.4.2/docker-java-transport-zerodep-3.4.2.pom
Progress (1): docker-java-transport-zerodep-3.4.2.pom (1.4 kB)Progress (1): docker-java-transport-zerodep-3.4.2.pom (4.1 kB)                                                              Downloaded&amp#27;[90m from &amp#27;[0mcentral&amp#27;[90m: https://repo.maven.apache.org/maven2/&amp#27;[0mcom/github/docker-java/docker-java-transport-zerodep/3.4.2/docker-java-transport-zerodep-3.4.2.pom&amp#27;[90m (4.1 kB at 124 kB/s)&amp#27;[0m
&amp#27;[90mDownloading from &amp#27;[0mcentral&amp#27;[90m: https://repo.maven.apache.org/maven2/&amp#27;[0mcom/github/docker-java/docker-java-transport/3.4.2/docker-java-transport-3.4.2.pom
Progress (1): docker-java-transport-3.4.2.pom (1.4 kB)Progress (1): docker-java-transport-3.4.2.pom (1.6 kB)                                                      Downloaded&amp#27;[90m from &amp#27;[0mcentral&amp#27;[90m: https://repo.maven.apache.org/maven2/&amp#27;[0mcom/github/docker-java/docker-java-transport/3.4.2/docker-java-transport-3.4.2.pom&amp#27;[90m (1.6 kB at 37 kB/s)&amp#27;[0m
&amp#27;[90mDownloading from &amp#27;[0mcentral&amp#27;[90m: https://repo.maven.apache.org/maven2/&amp#27;[0mnet/java/dev/jna/jna/5.8.0/jna-5.8.0.pom
Progress (1): jna-5.8.0.pom (1.4 kB)Progress (1): jna-5.8.0.pom (1.6 kB)                                    Downloaded&amp#27;[90m from &amp#27;[0mcentral&amp#27;[90m: https://repo.maven.apache.org/maven2/&amp#27;[0mnet/java/dev/jna/jna/5.8.0/jna-5.8.0.pom&amp#27;[90m (1.6 kB at 49 kB/s)&amp#27;[0m
&amp#27;[90mDownloading from &amp#27;[0mcentral&amp#27;[90m: https://repo.maven.apache.org/maven2/&amp#27;[0mio/quarkus/quarkus-junit4-mock/3.23.4/quarkus-junit4-mock-3.23.4.pom
Progress (1): quarkus-junit4-mock-3.23.4.pom (714 B)                                                    Downloaded&amp#27;[90m from &amp#27;[0mcentral&amp#27;[90m: https://repo.maven.apache.org/maven2/&amp#27;[0mio/quarkus/quarkus-junit4-mock/3.23.4/quarkus-junit4-mock-3.23.4.pom&amp#27;[90m (714 B at 1.2 kB/s)&amp#27;[0m
&amp#27;[90mDownloading from &amp#27;[0mcentral&amp#27;[90m: https://repo.maven.apache.org/maven2/&amp#27;[0mio/quarkus/quarkus-agroal-dev/3.23.4/quarkus-agroal-dev-3.23.4.pom
Progress (1): quarkus-agroal-dev-3.23.4.pom (848 B)                                                   Downloaded&amp#27;[90m from &amp#27;[0mcentral&amp#27;[90m: https://repo.maven.apache.org/maven2/&amp#27;[0mio/quarkus/quarkus-agroal-dev/3.23.4/quarkus-agroal-dev-3.23.4.pom&amp#27;[90m (848 B at 1.5 kB/s)&amp#27;[0m
&amp#27;[90mDownloading from &amp#27;[0mcentral&amp#27;[90m: https://repo.maven.apache.org/maven2/&amp#27;[0mio/quarkus/quarkus-smallrye-health-spi/3.23.4/quarkus-smallrye-health-spi-3.23.4.pom
Progress (1): quarkus-smallrye-health-spi-3.23.4.pom (770 B)                                                            Downloaded&amp#27;[90m from &amp#27;[0mcentral&amp#27;[90m: https://repo.maven.apache.org/maven2/&amp#27;[0mio/quarkus/quarkus-smallrye-health-spi/3.23.4/quarkus-smallrye-health-spi-3.23.4.pom&amp#27;[90m (770 B at 28 kB/s)&amp#27;[0m
&amp#27;[90mDownloading from &amp#27;[0mcentral&amp#27;[90m: https://repo.maven.apache.org/maven2/&amp#27;[0mio/quarkus/quarkus-smallrye-health-parent/3.23.4/quarkus-smallrye-health-parent-3.23.4.pom
Progress (1): quarkus-smallrye-health-parent-3.23.4.pom (782 B)                                                               Downloaded&amp#27;[90m from &amp#27;[0mcentral&amp#27;[90m: https://repo.maven.apache.org/maven2/&amp#27;[0mio/quarkus/quarkus-smallrye-health-parent/3.23.4/quarkus-smallrye-health-parent-3.23.4.pom&amp#27;[90m (782 B at 25 kB/s)&amp#27;[0m
&amp#27;[90mDownloading from &amp#27;[0mcentral&amp#27;[90m: https://repo.maven.apache.org/maven2/&amp#27;[0mio/quarkus/quarkus-caffeine-deployment/3.23.4/quarkus-caffeine-deployment-3.23.4.pom
Progress (1): quarkus-caffeine-deployment-3.23.4.pom (1.9 kB)                                                             Downloaded&amp#27;[90m from &amp#27;[0mcentral&amp#27;[90m: https://repo.maven.apache.org/maven2/&amp#27;[0mio/quarkus/quarkus-caffeine-deployment/3.23.4/quarkus-caffeine-deployment-3.23.4.pom&amp#27;[90m (1.9 kB at 6.5 kB/s)&amp#27;[0m
&amp#27;[90mDownloading from &amp#27;[0mcentral&amp#27;[90m: https://repo.maven.apache.org/maven2/&amp#27;[0mio/quarkus/quarkus-panache-hibernate-common-deployment/3.23.4/quarkus-panache-hibernate-common-deployment-3.23.4.pom
Progress (1): quarkus-panache-hibernate-common-deployment-3.23.4.pom (2.1 kB)Progress (1): quarkus-panache-hibernate-common-deployment-3.23.4.pom (2.4 kB)                                                                             Downloaded&amp#27;[90m from &amp#27;[0mcentral&amp#27;[90m: https://repo.maven.apache.org/maven2/&amp#27;[0mio/quarkus/quarkus-panache-hibernate-common-deployment/3.23.4/quarkus-panache-hibernate-common-deployment-3.23.4.pom&amp#27;[90m (2.4 kB at 7.9 kB/s)&amp#27;[0m
&amp#27;[90mDownloading from &amp#27;[0mcentral&amp#27;[90m: https://repo.maven.apache.org/maven2/&amp#27;[0mio/quarkus/quarkus-rest-deployment/3.23.4/quarkus-rest-deployment-3.23.4.jar
&amp#27;[90mDownloading from &amp#27;[0mcentral&amp#27;[90m: https://repo.maven.apache.org/maven2/&amp#27;[0mio/quarkus/resteasy/reactive/resteasy-reactive-processor/3.23.4/resteasy-reactive-processor-3.23.4.jar
&amp#27;[90mDownloading from &amp#27;[0mcentral&amp#27;[90m: https://repo.maven.apache.org/maven2/&amp#27;[0mio/quarkus/resteasy/reactive/resteasy-reactive-common-processor/3.23.4/resteasy-reactive-common-processor-3.23.4.jar
&amp#27;[90mDownloading from &amp#27;[0mcentral&amp#27;[90m: https://repo.maven.apache.org/maven2/&amp#27;[0mio/quarkus/quarkus-vertx-http-deployment/3.23.4/quarkus-vertx-http-deployment-3.23.4.jar
&amp#27;[90mDownloading from &amp#27;[0mcentral&amp#27;[90m: https://repo.maven.apache.org/maven2/&amp#27;[0mio/quarkus/quarkus-vertx-deployment/3.23.4/quarkus-vertx-deployment-3.23.4.jar
&amp#27;[90mDownloading from &amp#27;[0mcentral&amp#27;[90m: https://repo.maven.apache.org/maven2/&amp#27;[0mio/quarkus/quarkus-netty-deployment/3.23.4/quarkus-netty-deployment-3.23.4.jar
&amp#27;[90mDownloading from &amp#27;[0mcentral&amp#27;[90m: https://repo.maven.apache.org/maven2/&amp#27;[0mio/quarkus/quarkus-tls-registry-deployment-spi/3.23.4/quarkus-tls-registry-deployment-spi-3.23.4.jar
Progress (1): quarkus-rest-deployment-3.23.4.jar (7.7/150 kB)Progress (1): quarkus-rest-deployment-3.23.4.jar (12/150 kB) Progress (2): quarkus-rest-deployment-3.23.4.jar (12/150 kB) | quarkus-vertx-http-deployment-3.23.4.jar (0.9/288 kB)Progress (2): quarkus-rest-deployment-3.23.4.jar (12/150 kB) | quarkus-vertx-http-deployment-3.23.4.jar (2.3/288 kB)Progress (2): quarkus-rest-deployment-3.23.4.jar (29/150 kB) | quarkus-vertx-http-deployment-3.23.4.jar (2.3/288 kB)Progress (2): quarkus-rest-deployment-3.23.4.jar (29/150 kB) | quarkus-vertx-http-deployment-3.23.4.jar (3.6/288 kB)Progress (2): quarkus-rest-deployment-3.23.4.jar (29/150 kB) | quarkus-vertx-http-deployment-3.23.4.jar (5.0/288 kB)Progress (2): quarkus-rest-deployment-3.23.4.jar (29/150 kB) | quarkus-vertx-http-deployment-3.23.4.jar (6.4/288 kB)Progress (2): quarkus-rest-deployment-3.23.4.jar (29/150 kB) | quarkus-vertx-http-deployment-3.23.4.jar (7.7/288 kB)Progress (2): quarkus-rest-deployment-3.23.4.jar (29/150 kB) | quarkus-vertx-http-deployment-3.23.4.jar (9.1/288 kB)Progress (2): quarkus-rest-deployment-3.23.4.jar (29/150 kB) | quarkus-vertx-http-deployment-3.23.4.jar (10/288 kB) Progress (2): quarkus-rest-deployment-3.23.4.jar (45/150 kB) | quarkus-vertx-http-deployment-3.23.4.jar (10/288 kB)Progress (2): quarkus-rest-deployment-3.23.4.jar (45/150 kB) | quarkus-vertx-http-deployment-3.23.4.jar (12/288 kB)Progress (2): quarkus-rest-deployment-3.23.4.jar (45/150 kB) | quarkus-vertx-http-deployment-3.23.4.jar (12/288 kB)Progress (2): quarkus-rest-deployment-3.23.4.jar (45/150 kB) | quarkus-vertx-http-deployment-3.23.4.jar (14/288 kB)Progress (2): quarkus-rest-deployment-3.23.4.jar (45/150 kB) | quarkus-vertx-http-deployment-3.23.4.jar (15/288 kB)Progress (2): quarkus-rest-deployment-3.23.4.jar (45/150 kB) | quarkus-vertx-http-deployment-3.23.4.jar (16/288 kB)Progress (2): quarkus-rest-deployment-3.23.4.jar (45/150 kB) | quarkus-vertx-http-deployment-3.23.4.jar (18/288 kB)Progress (2): quarkus-rest-deployment-3.23.4.jar (45/150 kB) | quarkus-vertx-http-deployment-3.23.4.jar (19/288 kB)Progress (2): quarkus-rest-deployment-3.23.4.jar (61/150 kB) | quarkus-vertx-http-deployment-3.23.4.jar (19/288 kB)Progress (2): quarkus-rest-deployment-3.23.4.jar (61/150 kB) | quarkus-vertx-http-deployment-3.23.4.jar (21/288 kB)Progress (2): quarkus-rest-deployment-3.23.4.jar (61/150 kB) | quarkus-vertx-http-deployment-3.23.4.jar (22/288 kB)Progress (2): quarkus-rest-deployment-3.23.4.jar (61/150 kB) | quarkus-vertx-http-deployment-3.23.4.jar (23/288 kB)Progress (2): quarkus-rest-deployment-3.23.4.jar (61/150 kB) | quarkus-vertx-http-deployment-3.23.4.jar (25/288 kB)Progress (2): quarkus-rest-deployment-3.23.4.jar (61/150 kB) | quarkus-vertx-http-deployment-3.23.4.jar (26/288 kB)Progress (2): quarkus-rest-deployment-3.23.4.jar (61/150 kB) | quarkus-vertx-http-deployment-3.23.4.jar (27/288 kB)Progress (2): quarkus-rest-deployment-3.23.4.jar (61/150 kB) | quarkus-vertx-http-deployment-3.23.4.jar (29/288 kB)Progress (2): quarkus-rest-deployment-3.23.4.jar (61/150 kB) | quarkus-vertx-http-deployment-3.23.4.jar (30/288 kB)Progress (2): quarkus-rest-deployment-3.23.4.jar (61/150 kB) | quarkus-vertx-http-deployment-3.23.4.jar (31/288 kB)Progress (3): quarkus-rest-deployment-3.23.4.jar (61/150 kB) | quarkus-vertx-http-deployment-3.23.4.jar (31/288 kB) | resteasy-reactive-processor-3.23.4.jar (4.2/155 kB)Progress (3): quarkus-rest-deployment-3.23.4.jar (78/150 kB) | quarkus-vertx-http-deployment-3.23.4.jar (31/288 kB) | resteasy-reactive-processor-3.23.4.jar (4.2/155 kB)Progress (3): quarkus-rest-deployment-3.23.4.jar (78/150 kB) | quarkus-vertx-http-deployment-3.23.4.jar (33/288 kB) | resteasy-reactive-processor-3.23.4.jar (4.2/155 kB)Progress (3): quarkus-rest-deployment-3.23.4.jar (78/150 kB) | quarkus-vertx-http-deployment-3.23.4.jar (33/288 kB) | resteasy-reactive-processor-3.23.4.jar (8.2/155 kB)Progress (3): quarkus-rest-deployment-3.23.4.jar (78/150 kB) | quarkus-vertx-http-deployment-3.23.4.jar (34/288 kB) | resteasy-reactive-processor-3.23.4.jar (8.2/155 kB)Progress (3): quarkus-rest-deployment-3.23.4.jar (78/150 kB) | quarkus-vertx-http-deployment-3.23.4.jar (36/288 kB) | resteasy-reactive-processor-3.23.4.jar (8.2/155 kB)Progress (3): quarkus-rest-deployment-3.23.4.jar (78/150 kB) | quarkus-vertx-http-deployment-3.23.4.jar (36/288 kB) | resteasy-reactive-processor-3.23.4.jar (12/155 kB) Progress (3): quarkus-rest-deployment-3.23.4.jar (78/150 kB) | quarkus-vertx-http-deployment-3.23.4.jar (37/288 kB) | resteasy-reactive-processor-3.23.4.jar (12/155 kB)Progress (3): quarkus-rest-deployment-3.23.4.jar (78/150 kB) | quarkus-vertx-http-deployment-3.23.4.jar (38/288 kB) | resteasy-reactive-processor-3.23.4.jar (12/155 kB)Progress (3): quarkus-rest-deployment-3.23.4.jar (78/150 kB) | quarkus-vertx-http-deployment-3.23.4.jar (38/288 kB) | resteasy-reactive-processor-3.23.4.jar (17/155 kB)Progress (3): quarkus-rest-deployment-3.23.4.jar (78/150 kB) | quarkus-vertx-http-deployment-3.23.4.jar (40/288 kB) | resteasy-reactive-processor-3.23.4.jar (17/155 kB)Progress (3): quarkus-rest-deployment-3.23.4.jar (78/150 kB) | quarkus-vertx-http-deployment-3.23.4.jar (41/288 kB) | resteasy-reactive-processor-3.23.4.jar (17/155 kB)Progress (3): quarkus-rest-deployment-3.23.4.jar (78/150 kB) | quarkus-vertx-http-deployment-3.23.4.jar (41/288 kB) | resteasy-reactive-processor-3.23.4.jar (21/155 kB)Progress (3): quarkus-rest-deployment-3.23.4.jar (78/150 kB) | quarkus-vertx-http-deployment-3.23.4.jar (42/288 kB) | resteasy-reactive-processor-3.23.4.jar (21/155 kB)Progress (3): quarkus-rest-deployment-3.23.4.jar (94/150 kB) | quarkus-vertx-http-deployment-3.23.4.jar (42/288 kB) | resteasy-reactive-processor-3.23.4.jar (21/155 kB)Progress (3): quarkus-rest-deployment-3.23.4.jar (94/150 kB) | quarkus-vertx-http-deployment-3.23.4.jar (42/288 kB) | resteasy-reactive-processor-3.23.4.jar (25/155 kB)Progress (3): quarkus-rest-deployment-3.23.4.jar (94/150 kB) | quarkus-vertx-http-deployment-3.23.4.jar (44/288 kB) | resteasy-reactive-processor-3.23.4.jar (25/155 kB)Progress (3): quarkus-rest-deployment-3.23.4.jar (94/150 kB) | quarkus-vertx-http-deployment-3.23.4.jar (45/288 kB) | resteasy-reactive-processor-3.23.4.jar (25/155 kB)Progress (3): quarkus-rest-deployment-3.23.4.jar (94/150 kB) | quarkus-vertx-http-deployment-3.23.4.jar (45/288 kB) | resteasy-reactive-processor-3.23.4.jar (29/155 kB)Progress (3): quarkus-rest-deployment-3.23.4.jar (94/150 kB) | quarkus-vertx-http-deployment-3.23.4.jar (47/288 kB) | resteasy-reactive-processor-3.23.4.jar (29/155 kB)Progress (3): quarkus-rest-deployment-3.23.4.jar (94/150 kB) | quarkus-vertx-http-deployment-3.23.4.jar (48/288 kB) | resteasy-reactive-processor-3.23.4.jar (29/155 kB)Progress (3): quarkus-rest-deployment-3.23.4.jar (94/150 kB) | quarkus-vertx-http-deployment-3.23.4.jar (48/288 kB) | resteasy-reactive-processor-3.23.4.jar (33/155 kB)Progress (3): quarkus-rest-deployment-3.23.4.jar (94/150 kB) | quarkus-vertx-http-deployment-3.23.4.jar (49/288 kB) | resteasy-reactive-processor-3.23.4.jar (33/155 kB)Progress (3): quarkus-rest-deployment-3.23.4.jar (94/150 kB) | quarkus-vertx-http-deployment-3.23.4.jar (49/288 kB) | resteasy-reactive-processor-3.23.4.jar (37/155 kB)Progress (3): quarkus-rest-deployment-3.23.4.jar (94/150 kB) | quarkus-vertx-http-deployment-3.23.4.jar (53/288 kB) | resteasy-reactive-processor-3.23.4.jar (37/155 kB)Progress (3): quarkus-rest-deployment-3.23.4.jar (94/150 kB) | quarkus-vertx-http-deployment-3.23.4.jar (53/288 kB) | resteasy-reactive-processor-3.23.4.jar (41/155 kB)Progress (3): quarkus-rest-deployment-3.23.4.jar (94/150 kB) | quarkus-vertx-http-deployment-3.23.4.jar (58/288 kB) | resteasy-reactive-processor-3.23.4.jar (41/155 kB)Progress (3): quarkus-rest-deployment-3.23.4.jar (94/150 kB) | quarkus-vertx-http-deployment-3.23.4.jar (58/288 kB) | resteasy-reactive-processor-3.23.4.jar (46/155 kB)Progress (3): quarkus-rest-deployment-3.23.4.jar (94/150 kB) | quarkus-vertx-http-deployment-3.23.4.jar (62/288 kB) | resteasy-reactive-processor-3.23.4.jar (46/155 kB)Progress (3): quarkus-rest-deployment-3.23.4.jar (94/150 kB) | quarkus-vertx-http-deployment-3.23.4.jar (62/288 kB) | resteasy-reactive-processor-3.23.4.jar (50/155 kB)Progress (3): quarkus-rest-deployment-3.23.4.jar (94/150 kB) | quarkus-vertx-http-deployment-3.23.4.jar (66/288 kB) | resteasy-reactive-processor-3.23.4.jar (50/155 kB)Progress (3): quarkus-rest-deployment-3.23.4.jar (94/150 kB) | quarkus-vertx-http-deployment-3.23.4.jar (66/288 kB) | resteasy-reactive-processor-3.23.4.jar (54/155 kB)Progress (3): quarkus-rest-deployment-3.23.4.jar (94/150 kB) | quarkus-vertx-http-deployment-3.23.4.jar (66/288 kB) | resteasy-reactive-processor-3.23.4.jar (57/155 kB)Progress (3): quarkus-rest-deployment-3.23.4.jar (94/150 kB) | quarkus-vertx-http-deployment-3.23.4.jar (70/288 kB) | resteasy-reactive-processor-3.23.4.jar (57/155 kB)Progress (3): quarkus-rest-deployment-3.23.4.jar (94/150 kB) | quarkus-vertx-http-deployment-3.23.4.jar (70/288 kB) | resteasy-reactive-processor-3.23.4.jar (62/155 kB)Progress (3): quarkus-rest-deployment-3.23.4.jar (94/150 kB) | quarkus-vertx-http-deployment-3.23.4.jar (75/288 kB) | resteasy-reactive-processor-3.23.4.jar (62/155 kB)Progress (3): quarkus-rest-deployment-3.23.4.jar (111/150 kB) | quarkus-vertx-http-deployment-3.23.4.jar (75/288 kB) | resteasy-reactive-processor-3.23.4.jar (62/155 kB)Progress (3): quarkus-rest-deployment-3.23.4.jar (111/150 kB) | quarkus-vertx-http-deployment-3.23.4.jar (79/288 kB) | resteasy-reactive-processor-3.23.4.jar (62/155 kB)Progress (3): quarkus-rest-deployment-3.23.4.jar (111/150 kB) | quarkus-vertx-http-deployment-3.23.4.jar (79/288 kB) | resteasy-reactive-processor-3.23.4.jar (66/155 kB)Progress (3): quarkus-rest-deployment-3.23.4.jar (111/150 kB) | quarkus-vertx-http-deployment-3.23.4.jar (79/288 kB) | resteasy-reactive-processor-3.23.4.jar (70/155 kB)Progress (3): quarkus-rest-deployment-3.23.4.jar (111/150 kB) | quarkus-vertx-http-deployment-3.23.4.jar (83/288 kB) | resteasy-reactive-processor-3.23.4.jar (70/155 kB)Progress (3): quarkus-rest-deployment-3.23.4.jar (111/150 kB) | quarkus-vertx-http-deployment-3.23.4.jar (83/288 kB) | resteasy-reactive-processor-3.23.4.jar (74/155 kB)Progress (3): quarkus-rest-deployment-3.23.4.jar (111/150 kB) | quarkus-vertx-http-deployment-3.23.4.jar (87/288 kB) | resteasy-reactive-processor-3.23.4.jar (74/155 kB)Progress (3): quarkus-rest-deployment-3.23.4.jar (127/150 kB) | quarkus-vertx-http-deployment-3.23.4.jar (87/288 kB) | resteasy-reactive-processor-3.23.4.jar (74/155 kB)Progress (3): quarkus-rest-deployment-3.23.4.jar (127/150 kB) | quarkus-vertx-http-deployment-3.23.4.jar (87/288 kB) | resteasy-reactive-processor-3.23.4.jar (78/155 kB)Progress (3): quarkus-rest-deployment-3.23.4.jar (127/150 kB) | quarkus-vertx-http-deployment-3.23.4.jar (92/288 kB) | resteasy-reactive-processor-3.23.4.jar (78/155 kB)Progress (3): quarkus-rest-deployment-3.23.4.jar (127/150 kB) | quarkus-vertx-http-deployment-3.23.4.jar (92/288 kB) | resteasy-reactive-processor-3.23.4.jar (83/155 kB)Progress (3): quarkus-rest-deployment-3.23.4.jar (127/150 kB) | quarkus-vertx-http-deployment-3.23.4.jar (96/288 kB) | resteasy-reactive-processor-3.23.4.jar (83/155 kB)Progress (3): quarkus-rest-deployment-3.23.4.jar (127/150 kB) | quarkus-vertx-http-deployment-3.23.4.jar (96/288 kB) | resteasy-reactive-processor-3.23.4.jar (87/155 kB)Progress (3): quarkus-rest-deployment-3.23.4.jar (127/150 kB) | quarkus-vertx-http-deployment-3.23.4.jar (96/288 kB) | resteasy-reactive-processor-3.23.4.jar (91/155 kB)Progress (3): quarkus-rest-deployment-3.23.4.jar (143/150 kB) | quarkus-vertx-http-deployment-3.23.4.jar (96/288 kB) | resteasy-reactive-processor-3.23.4.jar (91/155 kB)Progress (4): quarkus-rest-deployment-3.23.4.jar (143/150 kB) | quarkus-vertx-http-deployment-3.23.4.jar (96/288 kB) | resteasy-reactive-processor-3.23.4.jar (91/155 kB) | resteasy-reactive-common-processor-3.23.4.jar (0.9/130 kB)Progress (4): quarkus-rest-deployment-3.23.4.jar (143/150 kB) | quarkus-vertx-http-deployment-3.23.4.jar (96/288 kB) | resteasy-reactive-processor-3.23.4.jar (95/155 kB) | resteasy-reactive-common-processor-3.23.4.jar (0.9/130 kB)Progress (4): quarkus-rest-deployment-3.23.4.jar (143/150 kB) | quarkus-vertx-http-deployment-3.23.4.jar (96/288 kB) | resteasy-reactive-processor-3.23.4.jar (95/155 kB) | resteasy-reactive-common-processor-3.23.4.jar (2.3/130 kB)Progress (4): quarkus-rest-deployment-3.23.4.jar (150 kB) | quarkus-vertx-http-deployment-3.23.4.jar (96/288 kB) | resteasy-reactive-processor-3.23.4.jar (95/155 kB) | resteasy-reactive-common-processor-3.23.4.jar (2.3/130 kB)    Progress (4): quarkus-rest-deployment-3.23.4.jar (150 kB) | quarkus-vertx-http-deployment-3.23.4.jar (96/288 kB) | resteasy-reactive-processor-3.23.4.jar (95/155 kB) | resteasy-reactive-common-processor-3.23.4.jar (3.6/130 kB)Progress (4): quarkus-rest-deployment-3.23.4.jar (150 kB) | quarkus-vertx-http-deployment-3.23.4.jar (96/288 kB) | resteasy-reactive-processor-3.23.4.jar (100/155 kB) | resteasy-reactive-common-processor-3.23.4.jar (3.6/130 kB)Progress (4): quarkus-rest-deployment-3.23.4.jar (150 kB) | quarkus-vertx-http-deployment-3.23.4.jar (96/288 kB) | resteasy-reactive-processor-3.23.4.jar (100/155 kB) | resteasy-reactive-common-processor-3.23.4.jar (5.0/130 kB)Progress (4): quarkus-rest-deployment-3.23.4.jar (150 kB) | quarkus-vertx-http-deployment-3.23.4.jar (96/288 kB) | resteasy-reactive-processor-3.23.4.jar (104/155 kB) | resteasy-reactive-common-processor-3.23.4.jar (5.0/130 kB)Progress (4): quarkus-rest-deployment-3.23.4.jar (150 kB) | quarkus-vertx-http-deployment-3.23.4.jar (96/288 kB) | resteasy-reactive-processor-3.23.4.jar (104/155 kB) | resteasy-reactive-common-processor-3.23.4.jar (6.4/130 kB)Progress (4): quarkus-rest-deployment-3.23.4.jar (150 kB) | quarkus-vertx-http-deployment-3.23.4.jar (96/288 kB) | resteasy-reactive-processor-3.23.4.jar (104/155 kB) | resteasy-reactive-common-processor-3.23.4.jar (7.7/130 kB)Progress (4): quarkus-rest-deployment-3.23.4.jar (150 kB) | quarkus-vertx-http-deployment-3.23.4.jar (96/288 kB) | resteasy-reactive-processor-3.23.4.jar (108/155 kB) | resteasy-reactive-common-processor-3.23.4.jar (7.7/130 kB)Progress (4): quarkus-rest-deployment-3.23.4.jar (150 kB) | quarkus-vertx-http-deployment-3.23.4.jar (96/288 kB) | resteasy-reactive-processor-3.23.4.jar (108/155 kB) | resteasy-reactive-common-processor-3.23.4.jar (9.1/130 kB)Progress (4): quarkus-rest-deployment-3.23.4.jar (150 kB) | quarkus-vertx-http-deployment-3.23.4.jar (96/288 kB) | resteasy-reactive-processor-3.23.4.jar (108/155 kB) | resteasy-reactive-common-processor-3.23.4.jar (10/130 kB) Progress (4): quarkus-rest-deployment-3.23.4.jar (150 kB) | quarkus-vertx-http-deployment-3.23.4.jar (96/288 kB) | resteasy-reactive-processor-3.23.4.jar (108/155 kB) | resteasy-reactive-common-processor-3.23.4.jar (12/130 kB)Progress (4): quarkus-rest-deployment-3.23.4.jar (150 kB) | quarkus-vertx-http-deployment-3.23.4.jar (96/288 kB) | resteasy-reactive-processor-3.23.4.jar (108/155 kB) | resteasy-reactive-common-processor-3.23.4.jar (13/130 kB)Progress (4): quarkus-rest-deployment-3.23.4.jar (150 kB) | quarkus-vertx-http-deployment-3.23.4.jar (96/288 kB) | resteasy-reactive-processor-3.23.4.jar (123/155 kB) | resteasy-reactive-common-processor-3.23.4.jar (13/130 kB)Progress (4): quarkus-rest-deployment-3.23.4.jar (150 kB) | quarkus-vertx-http-deployment-3.23.4.jar (96/288 kB) | resteasy-reactive-processor-3.23.4.jar (123/155 kB) | resteasy-reactive-common-processor-3.23.4.jar (15/130 kB)Progress (4): quarkus-rest-deployment-3.23.4.jar (150 kB) | quarkus-vertx-http-deployment-3.23.4.jar (96/288 kB) | resteasy-reactive-processor-3.23.4.jar (123/155 kB) | resteasy-reactive-common-processor-3.23.4.jar (16/130 kB)Progress (4): quarkus-rest-deployment-3.23.4.jar (150 kB) | quarkus-vertx-http-deployment-3.23.4.jar (96/288 kB) | resteasy-reactive-processor-3.23.4.jar (123/155 kB) | resteasy-reactive-common-processor-3.23.4.jar (17/130 kB)Progress (4): quarkus-rest-deployment-3.23.4.jar (150 kB) | quarkus-vertx-http-deployment-3.23.4.jar (96/288 kB) | resteasy-reactive-processor-3.23.4.jar (123/155 kB) | resteasy-reactive-common-processor-3.23.4.jar (19/130 kB)Progress (4): quarkus-rest-deployment-3.23.4.jar (150 kB) | quarkus-vertx-http-deployment-3.23.4.jar (96/288 kB) | resteasy-reactive-processor-3.23.4.jar (123/155 kB) | resteasy-reactive-common-processor-3.23.4.jar (20/130 kB)Progress (4): quarkus-rest-deployment-3.23.4.jar (150 kB) | quarkus-vertx-http-deployment-3.23.4.jar (96/288 kB) | resteasy-reactive-processor-3.23.4.jar (123/155 kB) | resteasy-reactive-common-processor-3.23.4.jar (21/130 kB)Progress (4): quarkus-rest-deployment-3.23.4.jar (150 kB) | quarkus-vertx-http-deployment-3.23.4.jar (96/288 kB) | resteasy-reactive-processor-3.23.4.jar (123/155 kB) | resteasy-reactive-common-processor-3.23.4.jar (23/130 kB)Progress (4): quarkus-rest-deployment-3.23.4.jar (150 kB) | quarkus-vertx-http-deployment-3.23.4.jar (96/288 kB) | resteasy-reactive-processor-3.23.4.jar (123/155 kB) | resteasy-reactive-common-processor-3.23.4.jar (24/130 kB)Progress (4): quarkus-rest-deployment-3.23.4.jar (150 kB) | quarkus-vertx-http-deployment-3.23.4.jar (96/288 kB) | resteasy-reactive-processor-3.23.4.jar (123/155 kB) | resteasy-reactive-common-processor-3.23.4.jar (25/130 kB)Progress (4): quarkus-rest-deployment-3.23.4.jar (150 kB) | quarkus-vertx-http-deployment-3.23.4.jar (96/288 kB) | resteasy-reactive-processor-3.23.4.jar (123/155 kB) | resteasy-reactive-common-processor-3.23.4.jar (29/130 kB)                                                                                                                                                                                                                                  Downloaded&amp#27;[90m from &amp#27;[0mcentral&amp#27;[90m: https://repo.maven.apache.org/maven2/&amp#27;[0mio/quarkus/quarkus-rest-deployment/3.23.4/quarkus-rest-deployment-3.23.4.jar&amp#27;[90m (150 kB at 2.3 MB/s)&amp#27;[0m
Progress (3): quarkus-vertx-http-deployment-3.23.4.jar (96/288 kB) | resteasy-reactive-processor-3.23.4.jar (123/155 kB) | resteasy-reactive-common-processor-3.23.4.jar (33/130 kB)Progress (3): quarkus-vertx-http-deployment-3.23.4.jar (96/288 kB) | resteasy-reactive-processor-3.23.4.jar (123/155 kB) | resteasy-reactive-common-processor-3.23.4.jar (37/130 kB)Progress (3): quarkus-vertx-http-deployment-3.23.4.jar (96/288 kB) | resteasy-reactive-processor-3.23.4.jar (123/155 kB) | resteasy-reactive-common-processor-3.23.4.jar (41/130 kB)Progress (3): quarkus-vertx-http-deployment-3.23.4.jar (96/288 kB) | resteasy-reactive-processor-3.23.4.jar (123/155 kB) | resteasy-reactive-common-processor-3.23.4.jar (46/130 kB)Progress (3): quarkus-vertx-http-deployment-3.23.4.jar (100/288 kB) | resteasy-reactive-processor-3.23.4.jar (123/155 kB) | resteasy-reactive-common-processor-3.23.4.jar (46/130 kB)Progress (3): quarkus-vertx-http-deployment-3.23.4.jar (100/288 kB) | resteasy-reactive-processor-3.23.4.jar (123/155 kB) | resteasy-reactive-common-processor-3.23.4.jar (50/130 kB)Progress (3): quarkus-vertx-http-deployment-3.23.4.jar (104/288 kB) | resteasy-reactive-processor-3.23.4.jar (123/155 kB) | resteasy-reactive-common-processor-3.23.4.jar (50/130 kB)                                                                                                                                                                                     &amp#27;[90mDownloading from &amp#27;[0mcentral&amp#27;[90m: https://repo.maven.apache.org/maven2/&amp#27;[0mio/quarkus/quarkus-jackson-spi/3.23.4/quarkus-jackson-spi-3.23.4.jar
[...]
ess (1): testcontainers-1.21.1.jar (12/18 MB)Progress (1): testcontainers-1.21.1.jar (12/18 MB)Progress (1): testcontainers-1.21.1.jar (12/18 MB)Progress (1): testcontainers-1.21.1.jar (12/18 MB)Progress (1): testcontainers-1.21.1.jar (12/18 MB)Progress (1): testcontainers-1.21.1.jar (12/18 MB)Progress (1): testcontainers-1.21.1.jar (12/18 MB)Progress (1): testcontainers-1.21.1.jar (12/18 MB)Progress (1): testcontainers-1.21.1.jar (12/18 MB)Progress (1): testcontainers-1.21.1.jar (12/18 MB)Progress (1): testcontainers-1.21.1.jar (12/18 MB)Progress (1): testcontainers-1.21.1.jar (12/18 MB)Progress (1): testcontainers-1.21.1.jar (12/18 MB)Progress (1): testcontainers-1.21.1.jar (12/18 MB)Progress (1): testcontainers-1.21.1.jar (12/18 MB)Progress (1): testcontainers-1.21.1.jar (12/18 MB)Progress (1): testcontainers-1.21.1.jar (12/18 MB)Progress (1): testcontainers-1.21.1.jar (12/18 MB)Progress (1): testcontainers-1.21.1.jar (12/18 MB)Progress (1): testcontainers-1.21.1.jar (12/18 MB)Progress (1): testcontainers-1.21.1.jar (12/18 MB)Progress (1): testcontainers-1.21.1.jar (13/18 MB)Progress (1): testcontainers-1.21.1.jar (13/18 MB)Progress (1): testcontainers-1.21.1.jar (13/18 MB)Progress (1): testcontainers-1.21.1.jar (13/18 MB)Progress (1): testcontainers-1.21.1.jar (13/18 MB)Progress (1): testcontainers-1.21.1.jar (13/18 MB)Progress (1): testcontainers-1.21.1.jar (13/18 MB)Progress (1): testcontainers-1.21.1.jar (13/18 MB)Progress (1): testcontainers-1.21.1.jar (13/18 MB)Progress (1): testcontainers-1.21.1.jar (13/18 MB)Progress (1): testcontainers-1.21.1.jar (13/18 MB)Progress (1): testcontainers-1.21.1.jar (13/18 MB)Progress (1): testcontainers-1.21.1.jar (13/18 MB)Progress (1): testcontainers-1.21.1.jar (13/18 MB)Progress (1): testcontainers-1.21.1.jar (13/18 MB)Progress (1): testcontainers-1.21.1.jar (13/18 MB)Progress (1): testcontainers-1.21.1.jar (13/18 MB)Progress (1): testcontainers-1.21.1.jar (13/18 MB)Progress (1): testcontainers-1.21.1.jar (13/18 MB)Progress (1): testcontainers-1.21.1.jar (13/18 MB)Progress (1): testcontainers-1.21.1.jar (13/18 MB)Progress (1): testcontainers-1.21.1.jar (13/18 MB)Progress (1): testcontainers-1.21.1.jar (13/18 MB)Progress (1): testcontainers-1.21.1.jar (13/18 MB)Progress (1): testcontainers-1.21.1.jar (13/18 MB)Progress (1): testcontainers-1.21.1.jar (13/18 MB)Progress (1): testcontainers-1.21.1.jar (13/18 MB)Progress (1): testcontainers-1.21.1.jar (13/18 MB)Progress (1): testcontainers-1.21.1.jar (13/18 MB)Progress (1): testcontainers-1.21.1.jar (13/18 MB)Progress (1): testcontainers-1.21.1.jar (13/18 MB)Progress (1): testcontainers-1.21.1.jar (13/18 MB)Progress (1): testcontainers-1.21.1.jar (13/18 MB)Progress (1): testcontainers-1.21.1.jar (13/18 MB)Progress (1): testcontainers-1.21.1.jar (13/18 MB)Progress (1): testcontainers-1.21.1.jar (13/18 MB)Progress (1): testcontainers-1.21.1.jar (13/18 MB)Progress (1): testcontainers-1.21.1.jar (13/18 MB)Progress (1): testcontainers-1.21.1.jar (13/18 MB)Progress (1): testcontainers-1.21.1.jar (13/18 MB)Progress (1): testcontainers-1.21.1.jar (13/18 MB)Progress (1): testcontainers-1.21.1.jar (13/18 MB)Progress (1): testcontainers-1.21.1.jar (13/18 MB)Progress (1): testcontainers-1.21.1.jar (13/18 MB)Progress (1): testcontainers-1.21.1.jar (13/18 MB)Progress (1): testcontainers-1.21.1.jar (13/18 MB)Progress (1): testcontainers-1.21.1.jar (13/18 MB)Progress (1): testcontainers-1.21.1.jar (13/18 MB)Progress (1): testcontainers-1.21.1.jar (13/18 MB)Progress (1): testcontainers-1.21.1.jar (13/18 MB)Progress (1): testcontainers-1.21.1.jar (13/18 MB)Progress (1): testcontainers-1.21.1.jar (13/18 MB)Progress (1): testcontainers-1.21.1.jar (13/18 MB)Progress (1): testcontainers-1.21.1.jar (13/18 MB)Progress (1): testcontainers-1.21.1.jar (13/18 MB)Progress (1): testcontainers-1.21.1.jar (13/18 MB)Progress (1): testcontainers-1.21.1.jar (13/18 MB)Progress (1): testcontainers-1.21.1.jar (13/18 MB)Progress (1): testcontainers-1.21.1.jar (13/18 MB)Progress (1): testcontainers-1.21.1.jar (13/18 MB)Progress (1): testcontainers-1.21.1.jar (13/18 MB)Progress (1): testcontainers-1.21.1.jar (13/18 MB)Progress (1): testcontainers-1.21.1.jar (14/18 MB)Progress (1): testcontainers-1.21.1.jar (14/18 MB)Progress (1): testcontainers-1.21.1.jar (14/18 MB)Progress (1): testcontainers-1.21.1.jar (14/18 MB)Progress (1): testcontainers-1.21.1.jar (14/18 MB)Progress (1): testcontainers-1.21.1.jar (14/18 MB)Progress (1): testcontainers-1.21.1.jar (14/18 MB)Progress (1): testcontainers-1.21.1.jar (14/18 MB)Progress (1): testcontainers-1.21.1.jar (14/18 MB)Progress (1): testcontainers-1.21.1.jar (14/18 MB)Progress (1): testcontainers-1.21.1.jar (14/18 MB)Progress (1): testcontainers-1.21.1.jar (14/18 MB)Progress (1): testcontainers-1.21.1.jar (14/18 MB)Progress (1): testcontainers-1.21.1.jar (14/18 MB)Progress (1): testcontainers-1.21.1.jar (14/18 MB)Progress (1): testcontainers-1.21.1.jar (14/18 MB)Progress (1): testcontainers-1.21.1.jar (14/18 MB)Progress (1): testcontainers-1.21.1.jar (14/18 MB)Progress (1): testcontainers-1.21.1.jar (14/18 MB)Progress (1): testcontainers-1.21.1.jar (14/18 MB)Progress (1): testcontainers-1.21.1.jar (14/18 MB)Progress (1): testcontainers-1.21.1.jar (14/18 MB)Progress (1): testcontainers-1.21.1.jar (14/18 MB)Progress (1): testcontainers-1.21.1.jar (14/18 MB)Progress (1): testcontainers-1.21.1.jar (14/18 MB)Progress (1): testcontainers-1.21.1.jar (14/18 MB)Progress (1): testcontainers-1.21.1.jar (14/18 MB)Progress (1): testcontainers-1.21.1.jar (14/18 MB)Progress (1): testcontainers-1.21.1.jar (14/18 MB)Progress (1): testcontainers-1.21.1.jar (14/18 MB)Progress (1): testcontainers-1.21.1.jar (14/18 MB)Progress (1): testcontainers-1.21.1.jar (14/18 MB)Progress (1): testcontainers-1.21.1.jar (14/18 MB)Progress (1): testcontainers-1.21.1.jar (14/18 MB)Progress (1): testcontainers-1.21.1.jar (14/18 MB)Progress (1): testcontainers-1.21.1.jar (14/18 MB)Progress (1): testcontainers-1.21.1.jar (14/18 MB)Progress (1): testcontainers-1.21.1.jar (14/18 MB)Progress (1): testcontainers-1.21.1.jar (14/18 MB)Progress (1): testcontainers-1.21.1.jar (14/18 MB)Progress (1): testcontainers-1.21.1.jar (14/18 MB)Progress (1): testcontainers-1.21.1.jar (14/18 MB)Progress (1): testcontainers-1.21.1.jar (14/18 MB)Progress (1): testcontainers-1.21.1.jar (14/18 MB)Progress (1): testcontainers-1.21.1.jar (14/18 MB)Progress (1): testcontainers-1.21.1.jar (14/18 MB)Progress (1): testcontainers-1.21.1.jar (14/18 MB)Progress (1): testcontainers-1.21.1.jar (14/18 MB)Progress (1): testcontainers-1.21.1.jar (14/18 MB)Progress (1): testcontainers-1.21.1.jar (14/18 MB)Progress (1): testcontainers-1.21.1.jar (14/18 MB)Progress (1): testcontainers-1.21.1.jar (14/18 MB)Progress (1): testcontainers-1.21.1.jar (14/18 MB)Progress (1): testcontainers-1.21.1.jar (14/18 MB)Progress (1): testcontainers-1.21.1.jar (14/18 MB)Progress (1): testcontainers-1.21.1.jar (14/18 MB)Progress (1): testcontainers-1.21.1.jar (14/18 MB)Progress (1): testcontainers-1.21.1.jar (14/18 MB)Progress (1): testcontainers-1.21.1.jar (14/18 MB)Progress (1): testcontainers-1.21.1.jar (14/18 MB)Progress (1): testcontainers-1.21.1.jar (14/18 MB)Progress (1): testcontainers-1.21.1.jar (14/18 MB)Progress (1): testcontainers-1.21.1.jar (14/18 MB)Progress (1): testcontainers-1.21.1.jar (15/18 MB)Progress (1): testcontainers-1.21.1.jar (15/18 MB)Progress (1): testcontainers-1.21.1.jar (15/18 MB)Progress (1): testcontainers-1.21.1.jar (15/18 MB)Progress (1): testcontainers-1.21.1.jar (15/18 MB)Progress (1): testcontainers-1.21.1.jar (15/18 MB)Progress (1): testcontainers-1.21.1.jar (15/18 MB)Progress (1): testcontainers-1.21.1.jar (15/18 MB)Progress (1): testcontainers-1.21.1.jar (15/18 MB)Progress (1): testcontainers-1.21.1.jar (15/18 MB)Progress (1): testcontainers-1.21.1.jar (15/18 MB)Progress (1): testcontainers-1.21.1.jar (15/18 MB)Progress (1): testcontainers-1.21.1.jar (15/18 MB)Progress (1): testcontainers-1.21.1.jar (15/18 MB)Progress (1): testcontainers-1.21.1.jar (15/18 MB)Progress (1): testcontainers-1.21.1.jar (15/18 MB)Progress (1): testcontainers-1.21.1.jar (15/18 MB)Progress (1): testcontainers-1.21.1.jar (15/18 MB)Progress (1): testcontainers-1.21.1.jar (15/18 MB)Progress (1): testcontainers-1.21.1.jar (15/18 MB)Progress (1): testcontainers-1.21.1.jar (15/18 MB)Progress (1): testcontainers-1.21.1.jar (15/18 MB)Progress (1): testcontainers-1.21.1.jar (15/18 MB)Progress (1): testcontainers-1.21.1.jar (15/18 MB)Progress (1): testcontainers-1.21.1.jar (15/18 MB)Progress (1): testcontainers-1.21.1.jar (15/18 MB)Progress (1): testcontainers-1.21.1.jar (15/18 MB)Progress (1): testcontainers-1.21.1.jar (15/18 MB)Progress (1): testcontainers-1.21.1.jar (15/18 MB)Progress (1): testcontainers-1.21.1.jar (15/18 MB)Progress (1): testcontainers-1.21.1.jar (15/18 MB)Progress (1): testcontainers-1.21.1.jar (15/18 MB)Progress (1): testcontainers-1.21.1.jar (15/18 MB)Progress (1): testcontainers-1.21.1.jar (15/18 MB)Progress (1): testcontainers-1.21.1.jar (15/18 MB)Progress (1): testcontainers-1.21.1.jar (15/18 MB)Progress (1): testcontainers-1.21.1.jar (15/18 MB)Progress (1): testcontainers-1.21.1.jar (15/18 MB)Progress (1): testcontainers-1.21.1.jar (15/18 MB)Progress (1): testcontainers-1.21.1.jar (15/18 MB)Progress (1): testcontainers-1.21.1.jar (15/18 MB)Progress (1): testcontainers-1.21.1.jar (15/18 MB)Progress (1): testcontainers-1.21.1.jar (15/18 MB)Progress (1): testcontainers-1.21.1.jar (15/18 MB)Progress (1): testcontainers-1.21.1.jar (15/18 MB)Progress (1): testcontainers-1.21.1.jar (15/18 MB)Progress (1): testcontainers-1.21.1.jar (15/18 MB)Progress (1): testcontainers-1.21.1.jar (15/18 MB)Progress (1): testcontainers-1.21.1.jar (15/18 MB)Progress (1): testcontainers-1.21.1.jar (15/18 MB)Progress (1): testcontainers-1.21.1.jar (15/18 MB)Progress (1): testcontainers-1.21.1.jar (15/18 MB)Progress (1): testcontainers-1.21.1.jar (15/18 MB)Progress (1): testcontainers-1.21.1.jar (15/18 MB)Progress (1): testcontainers-1.21.1.jar (15/18 MB)Progress (1): testcontainers-1.21.1.jar (15/18 MB)Progress (1): testcontainers-1.21.1.jar (15/18 MB)Progress (1): testcontainers-1.21.1.jar (15/18 MB)Progress (1): testcontainers-1.21.1.jar (15/18 MB)Progress (1): testcontainers-1.21.1.jar (15/18 MB)Progress (1): testcontainers-1.21.1.jar (15/18 MB)Progress (1): testcontainers-1.21.1.jar (16/18 MB)Progress (1): testcontainers-1.21.1.jar (16/18 MB)Progress (1): testcontainers-1.21.1.jar (16/18 MB)Progress (1): testcontainers-1.21.1.jar (16/18 MB)Progress (1): testcontainers-1.21.1.jar (16/18 MB)Progress (1): testcontainers-1.21.1.jar (16/18 MB)Progress (1): testcontainers-1.21.1.jar (16/18 MB)Progress (1): testcontainers-1.21.1.jar (16/18 MB)Progress (1): testcontainers-1.21.1.jar (16/18 MB)Progress (1): testcontainers-1.21.1.jar (16/18 MB)Progress (1): testcontainers-1.21.1.jar (16/18 MB)Progress (1): testcontainers-1.21.1.jar (16/18 MB)Progress (1): testcontainers-1.21.1.jar (16/18 MB)Progress (1): testcontainers-1.21.1.jar (16/18 MB)Progress (1): testcontainers-1.21.1.jar (16/18 MB)Progress (1): testcontainers-1.21.1.jar (16/18 MB)Progress (1): testcontainers-1.21.1.jar (16/18 MB)Progress (1): testcontainers-1.21.1.jar (16/18 MB)Progress (1): testcontainers-1.21.1.jar (16/18 MB)Progress (1): testcontainers-1.21.1.jar (16/18 MB)Progress (1): testcontainers-1.21.1.jar (16/18 MB)Progress (1): testcontainers-1.21.1.jar (16/18 MB)Progress (1): testcontainers-1.21.1.jar (16/18 MB)Progress (1): testcontainers-1.21.1.jar (16/18 MB)Progress (1): testcontainers-1.21.1.jar (16/18 MB)Progress (1): testcontainers-1.21.1.jar (16/18 MB)Progress (1): testcontainers-1.21.1.jar (16/18 MB)Progress (1): testcontainers-1.21.1.jar (16/18 MB)Progress (1): testcontainers-1.21.1.jar (16/18 MB)Progress (1): testcontainers-1.21.1.jar (16/18 MB)Progress (1): testcontainers-1.21.1.jar (16/18 MB)Progress (1): testcontainers-1.21.1.jar (16/18 MB)Progress (1): testcontainers-1.21.1.jar (16/18 MB)Progress (1): testcontainers-1.21.1.jar (16/18 MB)Progress (1): testcontainers-1.21.1.jar (16/18 MB)Progress (1): testcontainers-1.21.1.jar (16/18 MB)Progress (1): testcontainers-1.21.1.jar (16/18 MB)Progress (1): testcontainers-1.21.1.jar (16/18 MB)Progress (1): testcontainers-1.21.1.jar (16/18 MB)Progress (1): testcontainers-1.21.1.jar (16/18 MB)Progress (1): testcontainers-1.21.1.jar (16/18 MB)Progress (1): testcontainers-1.21.1.jar (16/18 MB)Progress (1): testcontainers-1.21.1.jar (16/18 MB)Progress (1): testcontainers-1.21.1.jar (16/18 MB)Progress (1): testcontainers-1.21.1.jar (16/18 MB)Progress (1): testcontainers-1.21.1.jar (16/18 MB)Progress (1): testcontainers-1.21.1.jar (16/18 MB)Progress (1): testcontainers-1.21.1.jar (16/18 MB)Progress (1): testcontainers-1.21.1.jar (16/18 MB)Progress (1): testcontainers-1.21.1.jar (16/18 MB)Progress (1): testcontainers-1.21.1.jar (16/18 MB)Progress (1): testcontainers-1.21.1.jar (16/18 MB)Progress (1): testcontainers-1.21.1.jar (16/18 MB)Progress (1): testcontainers-1.21.1.jar (16/18 MB)Progress (1): testcontainers-1.21.1.jar (16/18 MB)Progress (1): testcontainers-1.21.1.jar (16/18 MB)Progress (1): testcontainers-1.21.1.jar (16/18 MB)Progress (1): testcontainers-1.21.1.jar (16/18 MB)Progress (1): testcontainers-1.21.1.jar (16/18 MB)Progress (1): testcontainers-1.21.1.jar (16/18 MB)Progress (1): testcontainers-1.21.1.jar (16/18 MB)Progress (1): testcontainers-1.21.1.jar (16/18 MB)Progress (1): testcontainers-1.21.1.jar (17/18 MB)Progress (1): testcontainers-1.21.1.jar (17/18 MB)Progress (1): testcontainers-1.21.1.jar (17/18 MB)Progress (1): testcontainers-1.21.1.jar (17/18 MB)Progress (1): testcontainers-1.21.1.jar (17/18 MB)Progress (1): testcontainers-1.21.1.jar (17/18 MB)Progress (1): testcontainers-1.21.1.jar (17/18 MB)Progress (1): testcontainers-1.21.1.jar (17/18 MB)Progress (1): testcontainers-1.21.1.jar (17/18 MB)Progress (1): testcontainers-1.21.1.jar (17/18 MB)Progress (1): testcontainers-1.21.1.jar (17/18 MB)Progress (1): testcontainers-1.21.1.jar (17/18 MB)Progress (1): testcontainers-1.21.1.jar (17/18 MB)Progress (1): testcontainers-1.21.1.jar (17/18 MB)Progress (1): testcontainers-1.21.1.jar (17/18 MB)Progress (1): testcontainers-1.21.1.jar (17/18 MB)Progress (1): testcontainers-1.21.1.jar (17/18 MB)Progress (1): testcontainers-1.21.1.jar (17/18 MB)Progress (1): testcontainers-1.21.1.jar (17/18 MB)Progress (1): testcontainers-1.21.1.jar (17/18 MB)Progress (1): testcontainers-1.21.1.jar (17/18 MB)Progress (1): testcontainers-1.21.1.jar (17/18 MB)Progress (1): testcontainers-1.21.1.jar (17/18 MB)Progress (1): testcontainers-1.21.1.jar (17/18 MB)Progress (1): testcontainers-1.21.1.jar (17/18 MB)Progress (1): testcontainers-1.21.1.jar (17/18 MB)Progress (1): testcontainers-1.21.1.jar (17/18 MB)Progress (1): testcontainers-1.21.1.jar (17/18 MB)Progress (1): testcontainers-1.21.1.jar (17/18 MB)Progress (1): testcontainers-1.21.1.jar (17/18 MB)Progress (1): testcontainers-1.21.1.jar (17/18 MB)Progress (1): testcontainers-1.21.1.jar (17/18 MB)Progress (1): testcontainers-1.21.1.jar (17/18 MB)Progress (1): testcontainers-1.21.1.jar (17/18 MB)Progress (1): testcontainers-1.21.1.jar (17/18 MB)Progress (1): testcontainers-1.21.1.jar (17/18 MB)Progress (1): testcontainers-1.21.1.jar (17/18 MB)Progress (1): testcontainers-1.21.1.jar (17/18 MB)Progress (1): testcontainers-1.21.1.jar (17/18 MB)Progress (1): testcontainers-1.21.1.jar (17/18 MB)Progress (1): testcontainers-1.21.1.jar (17/18 MB)Progress (1): testcontainers-1.21.1.jar (17/18 MB)Progress (1): testcontainers-1.21.1.jar (17/18 MB)Progress (1): testcontainers-1.21.1.jar (17/18 MB)Progress (1): testcontainers-1.21.1.jar (17/18 MB)Progress (1): testcontainers-1.21.1.jar (17/18 MB)Progress (1): testcontainers-1.21.1.jar (17/18 MB)Progress (1): testcontainers-1.21.1.jar (17/18 MB)Progress (1): testcontainers-1.21.1.jar (17/18 MB)Progress (1): testcontainers-1.21.1.jar (17/18 MB)Progress (1): testcontainers-1.21.1.jar (17/18 MB)Progress (1): testcontainers-1.21.1.jar (17/18 MB)Progress (1): testcontainers-1.21.1.jar (17/18 MB)Progress (1): testcontainers-1.21.1.jar (17/18 MB)Progress (1): testcontainers-1.21.1.jar (17/18 MB)Progress (1): testcontainers-1.21.1.jar (17/18 MB)Progress (1): testcontainers-1.21.1.jar (17/18 MB)Progress (1): testcontainers-1.21.1.jar (17/18 MB)Progress (1): testcontainers-1.21.1.jar (17/18 MB)Progress (1): testcontainers-1.21.1.jar (17/18 MB)Progress (1): testcontainers-1.21.1.jar (17/18 MB)Progress (1): testcontainers-1.21.1.jar (17/18 MB)Progress (1): testcontainers-1.21.1.jar (18/18 MB)Progress (1): testcontainers-1.21.1.jar (18/18 MB)Progress (1): testcontainers-1.21.1.jar (18/18 MB)Progress (1): testcontainers-1.21.1.jar (18/18 MB)Progress (1): testcontainers-1.21.1.jar (18/18 MB)Progress (1): testcontainers-1.21.1.jar (18/18 MB)Progress (1): testcontainers-1.21.1.jar (18/18 MB)Progress (1): testcontainers-1.21.1.jar (18/18 MB)Progress (1): testcontainers-1.21.1.jar (18/18 MB)Progress (1): testcontainers-1.21.1.jar (18/18 MB)Progress (1): testcontainers-1.21.1.jar (18/18 MB)Progress (1): testcontainers-1.21.1.jar (18/18 MB)Progress (1): testcontainers-1.21.1.jar (18/18 MB)Progress (1): testcontainers-1.21.1.jar (18/18 MB)Progress (1): testcontainers-1.21.1.jar (18/18 MB)Progress (1): testcontainers-1.21.1.jar (18/18 MB)Progress (1): testcontainers-1.21.1.jar (18/18 MB)Progress (1): testcontainers-1.21.1.jar (18/18 MB)Progress (1): testcontainers-1.21.1.jar (18/18 MB)Progress (1): testcontainers-1.21.1.jar (18 MB)                                                  Downloaded&amp#27;[90m from &amp#27;[0mcentral&amp#27;[90m: https://repo.maven.apache.org/maven2/&amp#27;[0morg/testcontainers/testcontainers/1.21.1/testcontainers-1.21.1.jar&amp#27;[90m (18 MB at 14 MB/s)&amp#27;[0m
2026-06-16 19:46:24,590 INFO  [org.hib.jpa.int.uti.LogHelper] (main) HHH000204: Processing PersistenceUnitInfo [name: <default>]
2026-06-16 19:46:24,638 INFO  [org.hib.Version] (main) HHH000412: Hibernate ORM core version 6.6.17.Final
2026-06-16 19:46:24,864 INFO  [org.hib.orm.con.pooling] (main) HHH10001005: Database info:
	Database JDBC URL [undefined/unknown]
	Database driver: undefined/unknown
	Database version: 2.3.230
	Autocommit mode: undefined/unknown
	Isolation level: <unknown>
	Minimum pool size: undefined/unknown
	Maximum pool size: undefined/unknown
2026-06-16 19:46:25,286 WARN  [io.qua.config] (main) Unrecognized configuration key "quarkus.h2.console.path" was provided; it will be ignored; verify that the dependency extension for this configuration is set or that you did not make a typo
2026-06-16 19:46:25,286 WARN  [io.qua.config] (main) Unrecognized configuration key "quarkus.h2.console.enabled" was provided; it will be ignored; verify that the dependency extension for this configuration is set or that you did not make a typo
2026-06-16 19:46:26,845 INFO  [io.quarkus] (main) SpringBootDataJpaTransaction 1.0-SNAPSHOT on JVM (powered by Quarkus 3.23.4) started in 6.386s. Listening on: http://localhost:49702
2026-06-16 19:46:26,845 INFO  [io.quarkus] (main) Profile test activated. 
2026-06-16 19:46:26,845 INFO  [io.quarkus] (main) Installed features: [agroal, cdi, compose, hibernate-orm, hibernate-orm-panache, jdbc-h2, narayana-jta, rest, smallrye-context-propagation, vertx]
]]></system-out>
  </testcase>
  <testcase name="testPurchaseProduct_Success" classname="com.example.transaction.controller.PurchaseControllerTest" time="0.047"/>
  <testcase name="testPurchaseProduct_InternalServerError" classname="com.example.transaction.controller.PurchaseControllerTest" time="0.04"/>
</testsuite>